{"numFailedTestSuites":0,"numFailedTests":0,"numPassedTestSuites":4,"numPassedTests":61,"numPendingTestSuites":0,"numPendingTests":0,"numRuntimeErrorTestSuites":0,"numTodoTests":0,"numTotalTestSuites":4,"numTotalTests":61,"openHandles":[],"snapshot":{"added":0,"didUpdate":false,"failure":false,"filesAdded":0,"filesRemoved":0,"filesRemovedList":[],"filesUnmatched":0,"filesUpdated":0,"matched":0,"total":0,"unchecked":0,"uncheckedKeysByFile":[],"unmatched":0,"updated":0},"startTime":1749830144998,"success":true,"testResults":[{"assertionResults":[{"ancestorTitles":["translate helper"],"failureMessages":[],"fullName":"translate helper returns default value when translation not found","location":null,"status":"passed","title":"returns default value when translation not found"},{"ancestorTitles":["translate helper"],"failureMessages":[],"fullName":"translate helper returns translation when available","location":null,"status":"passed","title":"returns translation when available"}],"endTime":1749830145576,"message":"","name":"/home/vutrongan/desktop/works/trove/trove_home/trove_home_frontend/src/i18n/__tests__/TranslationUtils.utils.test.ts","startTime":1749830145224,"status":"passed","summary":""},{"assertionResults":[{"ancestorTitles":["Modal Component"],"failureMessages":[],"fullName":"Modal Component renders when isOpen is true","location":null,"status":"passed","title":"renders when isOpen is true"},{"ancestorTitles":["Modal Component"],"failureMessages":[],"fullName":"Modal Component does not render when isOpen is false","location":null,"status":"passed","title":"does not render when isOpen is false"},{"ancestorTitles":["Modal Component"],"failureMessages":[],"fullName":"Modal Component renders title when provided","location":null,"status":"passed","title":"renders title when provided"},{"ancestorTitles":["Modal Component"],"failureMessages":[],"fullName":"Modal Component calls onClose when close button is clicked","location":null,"status":"passed","title":"calls onClose when close button is clicked"},{"ancestorTitles":["Modal Component"],"failureMessages":[],"fullName":"Modal Component calls onClose when backdrop is clicked","location":null,"status":"passed","title":"calls onClose when backdrop is clicked"},{"ancestorTitles":["Modal Component"],"failureMessages":[],"fullName":"Modal Component does not call onClose when modal content is clicked","location":null,"status":"passed","title":"does not call onClose when modal content is clicked"},{"ancestorTitles":["Modal Component"],"failureMessages":[],"fullName":"Modal Component calls onClose when Escape key is pressed","location":null,"status":"passed","title":"calls onClose when Escape key is pressed"},{"ancestorTitles":["Modal Component"],"failureMessages":[],"fullName":"Modal Component applies correct size classes","location":null,"status":"passed","title":"applies correct size classes"},{"ancestorTitles":["Modal Component"],"failureMessages":[],"fullName":"Modal Component hides close button when showCloseButton is false","location":null,"status":"passed","title":"hides close button when showCloseButton is false"},{"ancestorTitles":["Modal Component"],"failureMessages":[],"fullName":"Modal Component applies custom className","location":null,"status":"passed","title":"applies custom className"},{"ancestorTitles":["Modal Component"],"failureMessages":[],"fullName":"Modal Component sets correct ARIA attributes","location":null,"status":"passed","title":"sets correct ARIA attributes"}],"endTime":1749830145909,"message":"","name":"/home/vutrongan/desktop/works/trove/trove_home/trove_home_frontend/src/components/ui.components/__tests__/Modal.component.test.tsx","startTime":1749830145587,"status":"passed","summary":""},{"assertionResults":[{"ancestorTitles":["TableRow Component","Rendering"],"failureMessages":[],"fullName":"TableRow Component Rendering should render table row with children","location":null,"status":"passed","title":"should render table row with children"},{"ancestorTitles":["TableRow Component","Rendering"],"failureMessages":[],"fullName":"TableRow Component Rendering should render with default props","location":null,"status":"passed","title":"should render with default props"},{"ancestorTitles":["TableRow Component","Rendering"],"failureMessages":[],"fullName":"TableRow Component Rendering should render with custom data-testid","location":null,"status":"passed","title":"should render with custom data-testid"},{"ancestorTitles":["TableRow Component","Variants"],"failureMessages":[],"fullName":"TableRow Component Variants should apply default variant classes","location":null,"status":"passed","title":"should apply default variant classes"},{"ancestorTitles":["TableRow Component","Variants"],"failureMessages":[],"fullName":"TableRow Component Variants should apply success variant classes","location":null,"status":"passed","title":"should apply success variant classes"},{"ancestorTitles":["TableRow Component","Variants"],"failureMessages":[],"fullName":"TableRow Component Variants should apply warning variant classes","location":null,"status":"passed","title":"should apply warning variant classes"},{"ancestorTitles":["TableRow Component","Variants"],"failureMessages":[],"fullName":"TableRow Component Variants should apply danger variant classes","location":null,"status":"passed","title":"should apply danger variant classes"},{"ancestorTitles":["TableRow Component","Variants"],"failureMessages":[],"fullName":"TableRow Component Variants should apply info variant classes","location":null,"status":"passed","title":"should apply info variant classes"},{"ancestorTitles":["TableRow Component","Selected State"],"failureMessages":[],"fullName":"TableRow Component Selected State should apply selected styling when selected is true","location":null,"status":"passed","title":"should apply selected styling when selected is true"},{"ancestorTitles":["TableRow Component","Selected State"],"failureMessages":[],"fullName":"TableRow Component Selected State should override variant styling when selected","location":null,"status":"passed","title":"should override variant styling when selected"},{"ancestorTitles":["TableRow Component","Hover Functionality"],"failureMessages":[],"fullName":"TableRow Component Hover Functionality should apply hover classes when hover is enabled","location":null,"status":"passed","title":"should apply hover classes when hover is enabled"},{"ancestorTitles":["TableRow Component","Hover Functionality"],"failureMessages":[],"fullName":"TableRow Component Hover Functionality should change background on mouse enter/leave when hover enabled","location":null,"status":"passed","title":"should change background on mouse enter/leave when hover enabled"},{"ancestorTitles":["TableRow Component","Clickable Functionality"],"failureMessages":[],"fullName":"TableRow Component Clickable Functionality should apply clickable classes when clickable is true","location":null,"status":"passed","title":"should apply clickable classes when clickable is true"},{"ancestorTitles":["TableRow Component","Clickable Functionality"],"failureMessages":[],"fullName":"TableRow Component Clickable Functionality should call onClick when clicked and clickable","location":null,"status":"passed","title":"should call onClick when clicked and clickable"},{"ancestorTitles":["TableRow Component","Clickable Functionality"],"failureMessages":[],"fullName":"TableRow Component Clickable Functionality should not call onClick when not clickable","location":null,"status":"passed","title":"should not call onClick when not clickable"},{"ancestorTitles":["TableRow Component","Event Handlers"],"failureMessages":[],"fullName":"TableRow Component Event Handlers should call onMouseEnter when mouse enters","location":null,"status":"passed","title":"should call onMouseEnter when mouse enters"},{"ancestorTitles":["TableRow Component","Event Handlers"],"failureMessages":[],"fullName":"TableRow Component Event Handlers should call onMouseLeave when mouse leaves","location":null,"status":"passed","title":"should call onMouseLeave when mouse leaves"},{"ancestorTitles":["TableRow Component","Event Handlers"],"failureMessages":[],"fullName":"TableRow Component Event Handlers should pass event object to onClick handler","location":null,"status":"passed","title":"should pass event object to onClick handler"},{"ancestorTitles":["TableRow Component","Custom Styling"],"failureMessages":[],"fullName":"TableRow Component Custom Styling should apply custom className","location":null,"status":"passed","title":"should apply custom className"},{"ancestorTitles":["TableRow Component","Custom Styling"],"failureMessages":[],"fullName":"TableRow Component Custom Styling should combine custom className with component classes","location":null,"status":"passed","title":"should combine custom className with component classes"},{"ancestorTitles":["TableRow Component","Accessibility"],"failureMessages":[],"fullName":"TableRow Component Accessibility should have proper role when clickable","location":null,"status":"passed","title":"should have proper role when clickable"},{"ancestorTitles":["TableRow Component","Accessibility"],"failureMessages":[],"fullName":"TableRow Component Accessibility should be focusable when clickable","location":null,"status":"passed","title":"should be focusable when clickable"},{"ancestorTitles":["TableRow Component","Accessibility"],"failureMessages":[],"fullName":"TableRow Component Accessibility should not have button role when not clickable","location":null,"status":"passed","title":"should not have button role when not clickable"},{"ancestorTitles":["TableRow Component","Multiple Features Combined"],"failureMessages":[],"fullName":"TableRow Component Multiple Features Combined should work with all features enabled","location":null,"status":"passed","title":"should work with all features enabled"}],"endTime":1749830146123,"message":"","name":"/home/vutrongan/desktop/works/trove/trove_home/trove_home_frontend/src/components/ui.components/__tests__/TableRow.component.test.tsx","startTime":1749830145982,"status":"passed","summary":""},{"assertionResults":[{"ancestorTitles":["Button Component","Rendering"],"failureMessages":[],"fullName":"Button Component Rendering should render button with correct text","location":null,"status":"passed","title":"should render button with correct text"},{"ancestorTitles":["Button Component","Rendering"],"failureMessages":[],"fullName":"Button Component Rendering should render with default props","location":null,"status":"passed","title":"should render with default props"},{"ancestorTitles":["Button Component","Rendering"],"failureMessages":[],"fullName":"Button Component Rendering should render with custom data-testid","location":null,"status":"passed","title":"should render with custom data-testid"},{"ancestorTitles":["Button Component","Variants"],"failureMessages":[],"fullName":"Button Component Variants should apply primary variant classes","location":null,"status":"passed","title":"should apply primary variant classes"},{"ancestorTitles":["Button Component","Variants"],"failureMessages":[],"fullName":"Button Component Variants should apply secondary variant classes","location":null,"status":"passed","title":"should apply secondary variant classes"},{"ancestorTitles":["Button Component","Variants"],"failureMessages":[],"fullName":"Button Component Variants should apply danger variant classes","location":null,"status":"passed","title":"should apply danger variant classes"},{"ancestorTitles":["Button Component","Variants"],"failureMessages":[],"fullName":"Button Component Variants should apply success variant classes","location":null,"status":"passed","title":"should apply success variant classes"},{"ancestorTitles":["Button Component","Variants"],"failureMessages":[],"fullName":"Button Component Variants should apply outline variant classes","location":null,"status":"passed","title":"should apply outline variant classes"},{"ancestorTitles":["Button Component","Sizes"],"failureMessages":[],"fullName":"Button Component Sizes should apply small size classes","location":null,"status":"passed","title":"should apply small size classes"},{"ancestorTitles":["Button Component","Sizes"],"failureMessages":[],"fullName":"Button Component Sizes should apply medium size classes","location":null,"status":"passed","title":"should apply medium size classes"},{"ancestorTitles":["Button Component","Sizes"],"failureMessages":[],"fullName":"Button Component Sizes should apply large size classes","location":null,"status":"passed","title":"should apply large size classes"},{"ancestorTitles":["Button Component","Sizes"],"failureMessages":[],"fullName":"Button Component Sizes should apply extra large size classes","location":null,"status":"passed","title":"should apply extra large size classes"},{"ancestorTitles":["Button Component","Button Types"],"failureMessages":[],"fullName":"Button Component Button Types should render submit type button","location":null,"status":"passed","title":"should render submit type button"},{"ancestorTitles":["Button Component","Button Types"],"failureMessages":[],"fullName":"Button Component Button Types should render reset type button","location":null,"status":"passed","title":"should render reset type button"},{"ancestorTitles":["Button Component","States"],"failureMessages":[],"fullName":"Button Component States should be disabled when disabled prop is true","location":null,"status":"passed","title":"should be disabled when disabled prop is true"},{"ancestorTitles":["Button Component","States"],"failureMessages":[],"fullName":"Button Component States should show loading state","location":null,"status":"passed","title":"should show loading state"},{"ancestorTitles":["Button Component","Interactions"],"failureMessages":[],"fullName":"Button Component Interactions should call onClick when clicked","location":null,"status":"passed","title":"should call onClick when clicked"},{"ancestorTitles":["Button Component","Interactions"],"failureMessages":[],"fullName":"Button Component Interactions should not call onClick when disabled","location":null,"status":"passed","title":"should not call onClick when disabled"},{"ancestorTitles":["Button Component","Interactions"],"failureMessages":[],"fullName":"Button Component Interactions should not call onClick when loading","location":null,"status":"passed","title":"should not call onClick when loading"},{"ancestorTitles":["Button Component","Interactions"],"failureMessages":[],"fullName":"Button Component Interactions should pass event object to onClick handler","location":null,"status":"passed","title":"should pass event object to onClick handler"},{"ancestorTitles":["Button Component","Custom Styling"],"failureMessages":[],"fullName":"Button Component Custom Styling should apply custom className","location":null,"status":"passed","title":"should apply custom className"},{"ancestorTitles":["Button Component","Custom Styling"],"failureMessages":[],"fullName":"Button Component Custom Styling should maintain base classes with custom className","location":null,"status":"passed","title":"should maintain base classes with custom className"},{"ancestorTitles":["Button Component","Accessibility"],"failureMessages":[],"fullName":"Button Component Accessibility should have focus ring classes for accessibility","location":null,"status":"passed","title":"should have focus ring classes for accessibility"},{"ancestorTitles":["Button Component","Accessibility"],"failureMessages":[],"fullName":"Button Component Accessibility should be keyboard accessible","location":null,"status":"passed","title":"should be keyboard accessible"}],"endTime":1749830146288,"message":"","name":"/home/vutrongan/desktop/works/trove/trove_home/trove_home_frontend/src/components/ui.components/__tests__/Button.component.test.tsx","startTime":1749830146136,"status":"passed","summary":""}],"wasInterrupted":false}