{"/home/vutrongan/desktop/works/trove/trove_home/trove_home_frontend/src/App.tsx": {"path":"/home/vutrongan/desktop/works/trove/trove_home/trove_home_frontend/src/App.tsx","statementMap":{"0":{"start":{"line":8,"column":2},"end":{"line":14,"column":4}}},"fnMap":{"0":{"name":"App","decl":{"start":{"line":7,"column":9},"end":{"line":7,"column":12}},"loc":{"start":{"line":7,"column":15},"end":{"line":15,"column":1}},"line":7}},"branchMap":{},"s":{"0":0},"f":{"0":0},"b":{}}
,"/home/vutrongan/desktop/works/trove/trove_home/trove_home_frontend/src/index.tsx": {"path":"/home/vutrongan/desktop/works/trove/trove_home/trove_home_frontend/src/index.tsx","statementMap":{"0":{"start":{"line":8,"column":13},"end":{"line":8,"column":80}},"1":{"start":{"line":9,"column":0},"end":{"line":13,"column":2}}},"fnMap":{},"branchMap":{},"s":{"0":0,"1":0},"f":{},"b":{}}
,"/home/vutrongan/desktop/works/trove/trove_home/trove_home_frontend/src/apollo/client.apollo.ts": {"path":"/home/vutrongan/desktop/works/trove/trove_home/trove_home_frontend/src/apollo/client.apollo.ts","statementMap":{"0":{"start":{"line":3,"column":17},"end":{"line":5,"column":2}},"1":{"start":{"line":7,"column":15},"end":{"line":10,"column":2}}},"fnMap":{},"branchMap":{},"s":{"0":0,"1":0},"f":{},"b":{}}
,"/home/vutrongan/desktop/works/trove/trove_home/trove_home_frontend/src/components/language/LanguageSwitcher.component.tsx": {"path":"/home/vutrongan/desktop/works/trove/trove_home/trove_home_frontend/src/components/language/LanguageSwitcher.component.tsx","statementMap":{"0":{"start":{"line":4,"column":35},"end":{"line":38,"column":1}},"1":{"start":{"line":5,"column":22},"end":{"line":5,"column":38}},"2":{"start":{"line":7,"column":25},"end":{"line":9,"column":3}},"3":{"start":{"line":8,"column":4},"end":{"line":8,"column":29}},"4":{"start":{"line":11,"column":2},"end":{"line":37,"column":4}},"5":{"start":{"line":21,"column":25},"end":{"line":21,"column":45}},"6":{"start":{"line":31,"column":25},"end":{"line":31,"column":45}}},"fnMap":{"0":{"name":"(anonymous_0)","decl":{"start":{"line":4,"column":35},"end":{"line":4,"column":36}},"loc":{"start":{"line":4,"column":41},"end":{"line":38,"column":1}},"line":4},"1":{"name":"(anonymous_1)","decl":{"start":{"line":7,"column":25},"end":{"line":7,"column":26}},"loc":{"start":{"line":7,"column":42},"end":{"line":9,"column":3}},"line":7},"2":{"name":"(anonymous_2)","decl":{"start":{"line":21,"column":19},"end":{"line":21,"column":20}},"loc":{"start":{"line":21,"column":25},"end":{"line":21,"column":45}},"line":21},"3":{"name":"(anonymous_3)","decl":{"start":{"line":31,"column":19},"end":{"line":31,"column":20}},"loc":{"start":{"line":31,"column":25},"end":{"line":31,"column":45}},"line":31}},"branchMap":{"0":{"loc":{"start":{"line":17,"column":12},"end":{"line":19,"column":61}},"type":"cond-expr","locations":[{"start":{"line":18,"column":16},"end":{"line":18,"column":40}},{"start":{"line":19,"column":16},"end":{"line":19,"column":61}}],"line":17},"1":{"loc":{"start":{"line":27,"column":12},"end":{"line":29,"column":61}},"type":"cond-expr","locations":[{"start":{"line":28,"column":16},"end":{"line":28,"column":40}},{"start":{"line":29,"column":16},"end":{"line":29,"column":61}}],"line":27}},"s":{"0":0,"1":0,"2":0,"3":0,"4":0,"5":0,"6":0},"f":{"0":0,"1":0,"2":0,"3":0},"b":{"0":[0,0],"1":[0,0]}}
,"/home/vutrongan/desktop/works/trove/trove_home/trove_home_frontend/src/components/navigation.components/Footer.component.tsx": {"path":"/home/vutrongan/desktop/works/trove/trove_home/trove_home_frontend/src/components/navigation.components/Footer.component.tsx","statementMap":{"0":{"start":{"line":6,"column":25},"end":{"line":58,"column":1}},"1":{"start":{"line":7,"column":16},"end":{"line":7,"column":32}},"2":{"start":{"line":8,"column":22},"end":{"line":8,"column":46}},"3":{"start":{"line":11,"column":27},"end":{"line":11,"column":93}},"4":{"start":{"line":11,"column":70},"end":{"line":11,"column":92}},"5":{"start":{"line":13,"column":2},"end":{"line":57,"column":4}},"6":{"start":{"line":32,"column":16},"end":{"line":36,"column":21}}},"fnMap":{"0":{"name":"(anonymous_0)","decl":{"start":{"line":6,"column":25},"end":{"line":6,"column":26}},"loc":{"start":{"line":6,"column":31},"end":{"line":58,"column":1}},"line":6},"1":{"name":"(anonymous_1)","decl":{"start":{"line":11,"column":61},"end":{"line":11,"column":62}},"loc":{"start":{"line":11,"column":70},"end":{"line":11,"column":92}},"line":11},"2":{"name":"(anonymous_2)","decl":{"start":{"line":31,"column":36},"end":{"line":31,"column":37}},"loc":{"start":{"line":32,"column":16},"end":{"line":36,"column":21}},"line":32}},"branchMap":{},"s":{"0":0,"1":0,"2":0,"3":0,"4":0,"5":0,"6":0},"f":{"0":0,"1":0,"2":0},"b":{}}
,"/home/vutrongan/desktop/works/trove/trove_home/trove_home_frontend/src/components/navigation.components/Header.component.tsx": {"path":"/home/vutrongan/desktop/works/trove/trove_home/trove_home_frontend/src/components/navigation.components/Header.component.tsx","statementMap":{"0":{"start":{"line":9,"column":25},"end":{"line":57,"column":1}},"1":{"start":{"line":10,"column":16},"end":{"line":10,"column":32}},"2":{"start":{"line":11,"column":50},"end":{"line":11,"column":71}},"3":{"start":{"line":13,"column":2},"end":{"line":56,"column":4}},"4":{"start":{"line":31,"column":29},"end":{"line":31,"column":67}},"5":{"start":{"line":48,"column":56},"end":{"line":48,"column":82}}},"fnMap":{"0":{"name":"(anonymous_0)","decl":{"start":{"line":9,"column":25},"end":{"line":9,"column":26}},"loc":{"start":{"line":9,"column":31},"end":{"line":57,"column":1}},"line":9},"1":{"name":"(anonymous_1)","decl":{"start":{"line":31,"column":23},"end":{"line":31,"column":24}},"loc":{"start":{"line":31,"column":29},"end":{"line":31,"column":67}},"line":31},"2":{"name":"(anonymous_2)","decl":{"start":{"line":48,"column":50},"end":{"line":48,"column":51}},"loc":{"start":{"line":48,"column":56},"end":{"line":48,"column":82}},"line":48}},"branchMap":{"0":{"loc":{"start":{"line":35,"column":17},"end":{"line":39,"column":17}},"type":"cond-expr","locations":[{"start":{"line":36,"column":18},"end":{"line":36,"column":112}},{"start":{"line":38,"column":18},"end":{"line":38,"column":114}}],"line":35},"1":{"loc":{"start":{"line":46,"column":9},"end":{"line":53,"column":9}},"type":"binary-expr","locations":[{"start":{"line":46,"column":9},"end":{"line":46,"column":25}},{"start":{"line":47,"column":10},"end":{"line":52,"column":16}}],"line":46}},"s":{"0":0,"1":0,"2":0,"3":0,"4":0,"5":0},"f":{"0":0,"1":0,"2":0},"b":{"0":[0,0],"1":[0,0]}}
,"/home/vutrongan/desktop/works/trove/trove_home/trove_home_frontend/src/components/navigation.components/LanguageSwitcher.component.tsx": {"path":"/home/vutrongan/desktop/works/trove/trove_home/trove_home_frontend/src/components/navigation.components/LanguageSwitcher.component.tsx","statementMap":{"0":{"start":{"line":5,"column":35},"end":{"line":35,"column":1}},"1":{"start":{"line":6,"column":36},"end":{"line":6,"column":49}},"2":{"start":{"line":7,"column":16},"end":{"line":7,"column":32}},"3":{"start":{"line":9,"column":2},"end":{"line":34,"column":4}},"4":{"start":{"line":12,"column":23},"end":{"line":12,"column":40}},"5":{"start":{"line":23,"column":23},"end":{"line":23,"column":40}}},"fnMap":{"0":{"name":"(anonymous_0)","decl":{"start":{"line":5,"column":35},"end":{"line":5,"column":36}},"loc":{"start":{"line":5,"column":41},"end":{"line":35,"column":1}},"line":5},"1":{"name":"(anonymous_1)","decl":{"start":{"line":12,"column":17},"end":{"line":12,"column":18}},"loc":{"start":{"line":12,"column":23},"end":{"line":12,"column":40}},"line":12},"2":{"name":"(anonymous_2)","decl":{"start":{"line":23,"column":17},"end":{"line":23,"column":18}},"loc":{"start":{"line":23,"column":23},"end":{"line":23,"column":40}},"line":23}},"branchMap":{"0":{"loc":{"start":{"line":14,"column":10},"end":{"line":16,"column":88}},"type":"cond-expr","locations":[{"start":{"line":15,"column":14},"end":{"line":15,"column":37}},{"start":{"line":16,"column":14},"end":{"line":16,"column":88}}],"line":14},"1":{"loc":{"start":{"line":25,"column":10},"end":{"line":27,"column":88}},"type":"cond-expr","locations":[{"start":{"line":26,"column":14},"end":{"line":26,"column":37}},{"start":{"line":27,"column":14},"end":{"line":27,"column":88}}],"line":25}},"s":{"0":0,"1":0,"2":0,"3":0,"4":0,"5":0},"f":{"0":0,"1":0,"2":0},"b":{"0":[0,0],"1":[0,0]}}
,"/home/vutrongan/desktop/works/trove/trove_home/trove_home_frontend/src/components/navigation.components/NavigationMenu.component.tsx": {"path":"/home/vutrongan/desktop/works/trove/trove_home/trove_home_frontend/src/components/navigation.components/NavigationMenu.component.tsx","statementMap":{"0":{"start":{"line":11,"column":54},"end":{"line":48,"column":1}},"1":{"start":{"line":12,"column":16},"end":{"line":12,"column":32}},"2":{"start":{"line":15,"column":27},"end":{"line":15,"column":93}},"3":{"start":{"line":15,"column":70},"end":{"line":15,"column":92}},"4":{"start":{"line":17,"column":2},"end":{"line":47,"column":4}},"5":{"start":{"line":20,"column":8},"end":{"line":44,"column":18}},"6":{"start":{"line":24,"column":12},"end":{"line":28,"column":14}}},"fnMap":{"0":{"name":"(anonymous_0)","decl":{"start":{"line":11,"column":54},"end":{"line":11,"column":55}},"loc":{"start":{"line":11,"column":93},"end":{"line":48,"column":1}},"line":11},"1":{"name":"(anonymous_1)","decl":{"start":{"line":15,"column":61},"end":{"line":15,"column":62}},"loc":{"start":{"line":15,"column":70},"end":{"line":15,"column":92}},"line":15},"2":{"name":"(anonymous_2)","decl":{"start":{"line":19,"column":28},"end":{"line":19,"column":29}},"loc":{"start":{"line":20,"column":8},"end":{"line":44,"column":18}},"line":20},"3":{"name":"(anonymous_3)","decl":{"start":{"line":23,"column":21},"end":{"line":23,"column":22}},"loc":{"start":{"line":24,"column":12},"end":{"line":28,"column":14}},"line":24}},"branchMap":{"0":{"loc":{"start":{"line":11,"column":57},"end":{"line":11,"column":73}},"type":"default-arg","locations":[{"start":{"line":11,"column":68},"end":{"line":11,"column":73}}],"line":11},"1":{"loc":{"start":{"line":18,"column":23},"end":{"line":18,"column":91}},"type":"cond-expr","locations":[{"start":{"line":18,"column":34},"end":{"line":18,"column":59}},{"start":{"line":18,"column":62},"end":{"line":18,"column":91}}],"line":18},"2":{"loc":{"start":{"line":25,"column":14},"end":{"line":27,"column":58}},"type":"cond-expr","locations":[{"start":{"line":26,"column":18},"end":{"line":26,"column":46}},{"start":{"line":27,"column":18},"end":{"line":27,"column":58}}],"line":25},"3":{"loc":{"start":{"line":32,"column":11},"end":{"line":42,"column":11}},"type":"binary-expr","locations":[{"start":{"line":32,"column":11},"end":{"line":32,"column":21}},{"start":{"line":33,"column":12},"end":{"line":41,"column":18}}],"line":32}},"s":{"0":0,"1":0,"2":0,"3":0,"4":0,"5":0,"6":0},"f":{"0":0,"1":0,"2":0,"3":0},"b":{"0":[0],"1":[0,0],"2":[0,0],"3":[0,0]}}
,"/home/vutrongan/desktop/works/trove/trove_home/trove_home_frontend/src/components/ui.components/Box.component.tsx": {"path":"/home/vutrongan/desktop/works/trove/trove_home/trove_home_frontend/src/components/ui.components/Box.component.tsx","statementMap":{"0":{"start":{"line":46,"column":4},"end":{"line":48,"column":5}},"1":{"start":{"line":47,"column":6},"end":{"line":47,"column":26}},"2":{"start":{"line":49,"column":4},"end":{"line":49,"column":17}},"3":{"start":{"line":53,"column":24},"end":{"line":53,"column":34}},"4":{"start":{"line":55,"column":4},"end":{"line":55,"column":28}},"5":{"start":{"line":55,"column":18},"end":{"line":55,"column":28}},"6":{"start":{"line":57,"column":27},"end":{"line":66,"column":5}},"7":{"start":{"line":68,"column":4},"end":{"line":68,"column":35}},"8":{"start":{"line":72,"column":25},"end":{"line":72,"column":35}},"9":{"start":{"line":74,"column":4},"end":{"line":74,"column":54}},"10":{"start":{"line":74,"column":44},"end":{"line":74,"column":54}},"11":{"start":{"line":76,"column":28},"end":{"line":82,"column":5}},"12":{"start":{"line":84,"column":4},"end":{"line":84,"column":37}},"13":{"start":{"line":88,"column":25},"end":{"line":88,"column":35}},"14":{"start":{"line":90,"column":4},"end":{"line":90,"column":55}},"15":{"start":{"line":90,"column":45},"end":{"line":90,"column":55}},"16":{"start":{"line":92,"column":28},"end":{"line":97,"column":5}},"17":{"start":{"line":99,"column":4},"end":{"line":99,"column":37}},"18":{"start":{"line":133,"column":8},"end":{"line":133,"column":18}},"19":{"start":{"line":135,"column":40},"end":{"line":135,"column":42}},"20":{"start":{"line":138,"column":4},"end":{"line":138,"column":69}},"21":{"start":{"line":138,"column":29},"end":{"line":138,"column":69}},"22":{"start":{"line":139,"column":4},"end":{"line":139,"column":72}},"23":{"start":{"line":139,"column":30},"end":{"line":139,"column":72}},"24":{"start":{"line":140,"column":4},"end":{"line":140,"column":78}},"25":{"start":{"line":140,"column":32},"end":{"line":140,"column":78}},"26":{"start":{"line":141,"column":4},"end":{"line":141,"column":78}},"27":{"start":{"line":141,"column":32},"end":{"line":141,"column":78}},"28":{"start":{"line":142,"column":4},"end":{"line":142,"column":81}},"29":{"start":{"line":142,"column":33},"end":{"line":142,"column":81}},"30":{"start":{"line":143,"column":4},"end":{"line":143,"column":81}},"31":{"start":{"line":143,"column":33},"end":{"line":143,"column":81}},"32":{"start":{"line":146,"column":4},"end":{"line":146,"column":72}},"33":{"start":{"line":146,"column":30},"end":{"line":146,"column":72}},"34":{"start":{"line":147,"column":4},"end":{"line":147,"column":81}},"35":{"start":{"line":147,"column":33},"end":{"line":147,"column":81}},"36":{"start":{"line":148,"column":4},"end":{"line":148,"column":87}},"37":{"start":{"line":148,"column":35},"end":{"line":148,"column":87}},"38":{"start":{"line":149,"column":4},"end":{"line":149,"column":90}},"39":{"start":{"line":149,"column":36},"end":{"line":149,"column":90}},"40":{"start":{"line":150,"column":4},"end":{"line":150,"column":84}},"41":{"start":{"line":150,"column":34},"end":{"line":150,"column":84}},"42":{"start":{"line":151,"column":4},"end":{"line":154,"column":5}},"43":{"start":{"line":152,"column":6},"end":{"line":152,"column":53}},"44":{"start":{"line":153,"column":6},"end":{"line":153,"column":54}},"45":{"start":{"line":155,"column":4},"end":{"line":158,"column":5}},"46":{"start":{"line":156,"column":6},"end":{"line":156,"column":52}},"47":{"start":{"line":157,"column":6},"end":{"line":157,"column":55}},"48":{"start":{"line":161,"column":4},"end":{"line":161,"column":75}},"49":{"start":{"line":161,"column":31},"end":{"line":161,"column":75}},"50":{"start":{"line":162,"column":4},"end":{"line":162,"column":84}},"51":{"start":{"line":162,"column":34},"end":{"line":162,"column":84}},"52":{"start":{"line":163,"column":4},"end":{"line":163,"column":90}},"53":{"start":{"line":163,"column":36},"end":{"line":163,"column":90}},"54":{"start":{"line":164,"column":4},"end":{"line":164,"column":93}},"55":{"start":{"line":164,"column":37},"end":{"line":164,"column":93}},"56":{"start":{"line":165,"column":4},"end":{"line":165,"column":87}},"57":{"start":{"line":165,"column":35},"end":{"line":165,"column":87}},"58":{"start":{"line":166,"column":4},"end":{"line":169,"column":5}},"59":{"start":{"line":167,"column":6},"end":{"line":167,"column":55}},"60":{"start":{"line":168,"column":6},"end":{"line":168,"column":56}},"61":{"start":{"line":170,"column":4},"end":{"line":173,"column":5}},"62":{"start":{"line":171,"column":6},"end":{"line":171,"column":54}},"63":{"start":{"line":172,"column":6},"end":{"line":172,"column":57}},"64":{"start":{"line":176,"column":4},"end":{"line":176,"column":66}},"65":{"start":{"line":176,"column":25},"end":{"line":176,"column":66}},"66":{"start":{"line":177,"column":4},"end":{"line":177,"column":54}},"67":{"start":{"line":177,"column":21},"end":{"line":177,"column":54}},"68":{"start":{"line":178,"column":4},"end":{"line":178,"column":87}},"69":{"start":{"line":178,"column":35},"end":{"line":178,"column":87}},"70":{"start":{"line":179,"column":4},"end":{"line":179,"column":90}},"71":{"start":{"line":179,"column":36},"end":{"line":179,"column":90}},"72":{"start":{"line":182,"column":4},"end":{"line":182,"column":63}},"73":{"start":{"line":182,"column":27},"end":{"line":182,"column":63}},"74":{"start":{"line":183,"column":4},"end":{"line":183,"column":69}},"75":{"start":{"line":183,"column":29},"end":{"line":183,"column":69}},"76":{"start":{"line":184,"column":4},"end":{"line":184,"column":72}},"77":{"start":{"line":184,"column":30},"end":{"line":184,"column":72}},"78":{"start":{"line":185,"column":4},"end":{"line":185,"column":66}},"79":{"start":{"line":185,"column":28},"end":{"line":185,"column":66}},"80":{"start":{"line":186,"column":4},"end":{"line":186,"column":53}},"81":{"start":{"line":186,"column":30},"end":{"line":186,"column":53}},"82":{"start":{"line":188,"column":4},"end":{"line":188,"column":18}},"83":{"start":{"line":191,"column":24},"end":{"line":195,"column":3}},"84":{"start":{"line":192,"column":4},"end":{"line":194,"column":5}},"85":{"start":{"line":193,"column":6},"end":{"line":193,"column":32}},"86":{"start":{"line":205,"column":8},"end":{"line":205,"column":18}},"87":{"start":{"line":207,"column":27},"end":{"line":207,"column":51}},"88":{"start":{"line":208,"column":28},"end":{"line":208,"column":53}},"89":{"start":{"line":209,"column":28},"end":{"line":209,"column":53}},"90":{"start":{"line":210,"column":25},"end":{"line":210,"column":47}},"91":{"start":{"line":212,"column":28},"end":{"line":212,"column":105}},"92":{"start":{"line":214,"column":4},"end":{"line":224,"column":6}}},"fnMap":{"0":{"name":"(anonymous_0)","decl":{"start":{"line":45,"column":2},"end":{"line":45,"column":3}},"loc":{"start":{"line":45,"column":55},"end":{"line":50,"column":3}},"line":45},"1":{"name":"(anonymous_1)","decl":{"start":{"line":52,"column":2},"end":{"line":52,"column":3}},"loc":{"start":{"line":52,"column":38},"end":{"line":69,"column":3}},"line":52},"2":{"name":"(anonymous_2)","decl":{"start":{"line":71,"column":2},"end":{"line":71,"column":3}},"loc":{"start":{"line":71,"column":39},"end":{"line":85,"column":3}},"line":71},"3":{"name":"(anonymous_3)","decl":{"start":{"line":87,"column":2},"end":{"line":87,"column":3}},"loc":{"start":{"line":87,"column":39},"end":{"line":100,"column":3}},"line":87},"4":{"name":"(anonymous_4)","decl":{"start":{"line":102,"column":2},"end":{"line":102,"column":3}},"loc":{"start":{"line":102,"column":49},"end":{"line":189,"column":3}},"line":102},"5":{"name":"(anonymous_5)","decl":{"start":{"line":191,"column":24},"end":{"line":191,"column":25}},"loc":{"start":{"line":191,"column":59},"end":{"line":195,"column":3}},"line":191},"6":{"name":"(anonymous_6)","decl":{"start":{"line":197,"column":2},"end":{"line":197,"column":3}},"loc":{"start":{"line":197,"column":28},"end":{"line":225,"column":3}},"line":197}},"branchMap":{"0":{"loc":{"start":{"line":46,"column":4},"end":{"line":48,"column":5}},"type":"if","locations":[{"start":{"line":46,"column":4},"end":{"line":48,"column":5}},{"start":{},"end":{}}],"line":46},"1":{"loc":{"start":{"line":55,"column":4},"end":{"line":55,"column":28}},"type":"if","locations":[{"start":{"line":55,"column":4},"end":{"line":55,"column":28}},{"start":{},"end":{}}],"line":55},"2":{"loc":{"start":{"line":74,"column":4},"end":{"line":74,"column":54}},"type":"if","locations":[{"start":{"line":74,"column":4},"end":{"line":74,"column":54}},{"start":{},"end":{}}],"line":74},"3":{"loc":{"start":{"line":74,"column":8},"end":{"line":74,"column":42}},"type":"binary-expr","locations":[{"start":{"line":74,"column":8},"end":{"line":74,"column":17}},{"start":{"line":74,"column":21},"end":{"line":74,"column":42}}],"line":74},"4":{"loc":{"start":{"line":90,"column":4},"end":{"line":90,"column":55}},"type":"if","locations":[{"start":{"line":90,"column":4},"end":{"line":90,"column":55}},{"start":{},"end":{}}],"line":90},"5":{"loc":{"start":{"line":90,"column":8},"end":{"line":90,"column":43}},"type":"binary-expr","locations":[{"start":{"line":90,"column":8},"end":{"line":90,"column":17}},{"start":{"line":90,"column":21},"end":{"line":90,"column":43}}],"line":90},"6":{"loc":{"start":{"line":138,"column":4},"end":{"line":138,"column":69}},"type":"if","locations":[{"start":{"line":138,"column":4},"end":{"line":138,"column":69}},{"start":{},"end":{}}],"line":138},"7":{"loc":{"start":{"line":139,"column":4},"end":{"line":139,"column":72}},"type":"if","locations":[{"start":{"line":139,"column":4},"end":{"line":139,"column":72}},{"start":{},"end":{}}],"line":139},"8":{"loc":{"start":{"line":140,"column":4},"end":{"line":140,"column":78}},"type":"if","locations":[{"start":{"line":140,"column":4},"end":{"line":140,"column":78}},{"start":{},"end":{}}],"line":140},"9":{"loc":{"start":{"line":141,"column":4},"end":{"line":141,"column":78}},"type":"if","locations":[{"start":{"line":141,"column":4},"end":{"line":141,"column":78}},{"start":{},"end":{}}],"line":141},"10":{"loc":{"start":{"line":142,"column":4},"end":{"line":142,"column":81}},"type":"if","locations":[{"start":{"line":142,"column":4},"end":{"line":142,"column":81}},{"start":{},"end":{}}],"line":142},"11":{"loc":{"start":{"line":143,"column":4},"end":{"line":143,"column":81}},"type":"if","locations":[{"start":{"line":143,"column":4},"end":{"line":143,"column":81}},{"start":{},"end":{}}],"line":143},"12":{"loc":{"start":{"line":146,"column":4},"end":{"line":146,"column":72}},"type":"if","locations":[{"start":{"line":146,"column":4},"end":{"line":146,"column":72}},{"start":{},"end":{}}],"line":146},"13":{"loc":{"start":{"line":147,"column":4},"end":{"line":147,"column":81}},"type":"if","locations":[{"start":{"line":147,"column":4},"end":{"line":147,"column":81}},{"start":{},"end":{}}],"line":147},"14":{"loc":{"start":{"line":148,"column":4},"end":{"line":148,"column":87}},"type":"if","locations":[{"start":{"line":148,"column":4},"end":{"line":148,"column":87}},{"start":{},"end":{}}],"line":148},"15":{"loc":{"start":{"line":149,"column":4},"end":{"line":149,"column":90}},"type":"if","locations":[{"start":{"line":149,"column":4},"end":{"line":149,"column":90}},{"start":{},"end":{}}],"line":149},"16":{"loc":{"start":{"line":150,"column":4},"end":{"line":150,"column":84}},"type":"if","locations":[{"start":{"line":150,"column":4},"end":{"line":150,"column":84}},{"start":{},"end":{}}],"line":150},"17":{"loc":{"start":{"line":151,"column":4},"end":{"line":154,"column":5}},"type":"if","locations":[{"start":{"line":151,"column":4},"end":{"line":154,"column":5}},{"start":{},"end":{}}],"line":151},"18":{"loc":{"start":{"line":155,"column":4},"end":{"line":158,"column":5}},"type":"if","locations":[{"start":{"line":155,"column":4},"end":{"line":158,"column":5}},{"start":{},"end":{}}],"line":155},"19":{"loc":{"start":{"line":161,"column":4},"end":{"line":161,"column":75}},"type":"if","locations":[{"start":{"line":161,"column":4},"end":{"line":161,"column":75}},{"start":{},"end":{}}],"line":161},"20":{"loc":{"start":{"line":162,"column":4},"end":{"line":162,"column":84}},"type":"if","locations":[{"start":{"line":162,"column":4},"end":{"line":162,"column":84}},{"start":{},"end":{}}],"line":162},"21":{"loc":{"start":{"line":163,"column":4},"end":{"line":163,"column":90}},"type":"if","locations":[{"start":{"line":163,"column":4},"end":{"line":163,"column":90}},{"start":{},"end":{}}],"line":163},"22":{"loc":{"start":{"line":164,"column":4},"end":{"line":164,"column":93}},"type":"if","locations":[{"start":{"line":164,"column":4},"end":{"line":164,"column":93}},{"start":{},"end":{}}],"line":164},"23":{"loc":{"start":{"line":165,"column":4},"end":{"line":165,"column":87}},"type":"if","locations":[{"start":{"line":165,"column":4},"end":{"line":165,"column":87}},{"start":{},"end":{}}],"line":165},"24":{"loc":{"start":{"line":166,"column":4},"end":{"line":169,"column":5}},"type":"if","locations":[{"start":{"line":166,"column":4},"end":{"line":169,"column":5}},{"start":{},"end":{}}],"line":166},"25":{"loc":{"start":{"line":170,"column":4},"end":{"line":173,"column":5}},"type":"if","locations":[{"start":{"line":170,"column":4},"end":{"line":173,"column":5}},{"start":{},"end":{}}],"line":170},"26":{"loc":{"start":{"line":176,"column":4},"end":{"line":176,"column":66}},"type":"if","locations":[{"start":{"line":176,"column":4},"end":{"line":176,"column":66}},{"start":{},"end":{}}],"line":176},"27":{"loc":{"start":{"line":177,"column":4},"end":{"line":177,"column":54}},"type":"if","locations":[{"start":{"line":177,"column":4},"end":{"line":177,"column":54}},{"start":{},"end":{}}],"line":177},"28":{"loc":{"start":{"line":178,"column":4},"end":{"line":178,"column":87}},"type":"if","locations":[{"start":{"line":178,"column":4},"end":{"line":178,"column":87}},{"start":{},"end":{}}],"line":178},"29":{"loc":{"start":{"line":179,"column":4},"end":{"line":179,"column":90}},"type":"if","locations":[{"start":{"line":179,"column":4},"end":{"line":179,"column":90}},{"start":{},"end":{}}],"line":179},"30":{"loc":{"start":{"line":182,"column":4},"end":{"line":182,"column":63}},"type":"if","locations":[{"start":{"line":182,"column":4},"end":{"line":182,"column":63}},{"start":{},"end":{}}],"line":182},"31":{"loc":{"start":{"line":183,"column":4},"end":{"line":183,"column":69}},"type":"if","locations":[{"start":{"line":183,"column":4},"end":{"line":183,"column":69}},{"start":{},"end":{}}],"line":183},"32":{"loc":{"start":{"line":184,"column":4},"end":{"line":184,"column":72}},"type":"if","locations":[{"start":{"line":184,"column":4},"end":{"line":184,"column":72}},{"start":{},"end":{}}],"line":184},"33":{"loc":{"start":{"line":185,"column":4},"end":{"line":185,"column":66}},"type":"if","locations":[{"start":{"line":185,"column":4},"end":{"line":185,"column":66}},{"start":{},"end":{}}],"line":185},"34":{"loc":{"start":{"line":186,"column":4},"end":{"line":186,"column":53}},"type":"if","locations":[{"start":{"line":186,"column":4},"end":{"line":186,"column":53}},{"start":{},"end":{}}],"line":186},"35":{"loc":{"start":{"line":192,"column":4},"end":{"line":194,"column":5}},"type":"if","locations":[{"start":{"line":192,"column":4},"end":{"line":194,"column":5}},{"start":{},"end":{}}],"line":192},"36":{"loc":{"start":{"line":200,"column":10},"end":{"line":200,"column":27}},"type":"default-arg","locations":[{"start":{"line":200,"column":22},"end":{"line":200,"column":27}}],"line":200},"37":{"loc":{"start":{"line":201,"column":6},"end":{"line":201,"column":20}},"type":"default-arg","locations":[{"start":{"line":201,"column":18},"end":{"line":201,"column":20}}],"line":201},"38":{"loc":{"start":{"line":220,"column":17},"end":{"line":220,"column":55}},"type":"cond-expr","locations":[{"start":{"line":220,"column":27},"end":{"line":220,"column":43}},{"start":{"line":220,"column":46},"end":{"line":220,"column":55}}],"line":220}},"s":{"0":0,"1":0,"2":0,"3":0,"4":0,"5":0,"6":0,"7":0,"8":0,"9":0,"10":0,"11":0,"12":0,"13":0,"14":0,"15":0,"16":0,"17":0,"18":0,"19":0,"20":0,"21":0,"22":0,"23":0,"24":0,"25":0,"26":0,"27":0,"28":0,"29":0,"30":0,"31":0,"32":0,"33":0,"34":0,"35":0,"36":0,"37":0,"38":0,"39":0,"40":0,"41":0,"42":0,"43":0,"44":0,"45":0,"46":0,"47":0,"48":0,"49":0,"50":0,"51":0,"52":0,"53":0,"54":0,"55":0,"56":0,"57":0,"58":0,"59":0,"60":0,"61":0,"62":0,"63":0,"64":0,"65":0,"66":0,"67":0,"68":0,"69":0,"70":0,"71":0,"72":0,"73":0,"74":0,"75":0,"76":0,"77":0,"78":0,"79":0,"80":0,"81":0,"82":0,"83":0,"84":0,"85":0,"86":0,"87":0,"88":0,"89":0,"90":0,"91":0,"92":0},"f":{"0":0,"1":0,"2":0,"3":0,"4":0,"5":0,"6":0},"b":{"0":[0,0],"1":[0,0],"2":[0,0],"3":[0,0],"4":[0,0],"5":[0,0],"6":[0,0],"7":[0,0],"8":[0,0],"9":[0,0],"10":[0,0],"11":[0,0],"12":[0,0],"13":[0,0],"14":[0,0],"15":[0,0],"16":[0,0],"17":[0,0],"18":[0,0],"19":[0,0],"20":[0,0],"21":[0,0],"22":[0,0],"23":[0,0],"24":[0,0],"25":[0,0],"26":[0,0],"27":[0,0],"28":[0,0],"29":[0,0],"30":[0,0],"31":[0,0],"32":[0,0],"33":[0,0],"34":[0,0],"35":[0,0],"36":[0],"37":[0],"38":[0,0]}}
,"/home/vutrongan/desktop/works/trove/trove_home/trove_home_frontend/src/components/ui.components/Button.component.tsx": {"path":"/home/vutrongan/desktop/works/trove/trove_home/trove_home_frontend/src/components/ui.components/Button.component.tsx","statementMap":{"0":{"start":{"line":18,"column":36},"end":{"line":18,"column":46}},"1":{"start":{"line":20,"column":27},"end":{"line":26,"column":5}},"2":{"start":{"line":28,"column":4},"end":{"line":28,"column":35}},"3":{"start":{"line":32,"column":28},"end":{"line":32,"column":38}},"4":{"start":{"line":34,"column":24},"end":{"line":39,"column":5}},"5":{"start":{"line":41,"column":4},"end":{"line":41,"column":29}},"6":{"start":{"line":45,"column":4},"end":{"line":45,"column":70}},"7":{"start":{"line":48,"column":24},"end":{"line":54,"column":3}},"8":{"start":{"line":49,"column":43},"end":{"line":49,"column":53}},"9":{"start":{"line":51,"column":4},"end":{"line":53,"column":5}},"10":{"start":{"line":52,"column":6},"end":{"line":52,"column":21}},"11":{"start":{"line":64,"column":8},"end":{"line":64,"column":18}},"12":{"start":{"line":66,"column":24},"end":{"line":66,"column":158}},"13":{"start":{"line":67,"column":27},"end":{"line":67,"column":51}},"14":{"start":{"line":68,"column":24},"end":{"line":68,"column":45}},"15":{"start":{"line":69,"column":28},"end":{"line":69,"column":53}},"16":{"start":{"line":71,"column":28},"end":{"line":71,"column":116}},"17":{"start":{"line":73,"column":4},"end":{"line":109,"column":6}}},"fnMap":{"0":{"name":"(anonymous_0)","decl":{"start":{"line":17,"column":2},"end":{"line":17,"column":3}},"loc":{"start":{"line":17,"column":38},"end":{"line":29,"column":3}},"line":17},"1":{"name":"(anonymous_1)","decl":{"start":{"line":31,"column":2},"end":{"line":31,"column":3}},"loc":{"start":{"line":31,"column":35},"end":{"line":42,"column":3}},"line":31},"2":{"name":"(anonymous_2)","decl":{"start":{"line":44,"column":2},"end":{"line":44,"column":3}},"loc":{"start":{"line":44,"column":39},"end":{"line":46,"column":3}},"line":44},"3":{"name":"(anonymous_3)","decl":{"start":{"line":48,"column":24},"end":{"line":48,"column":25}},"loc":{"start":{"line":48,"column":78},"end":{"line":54,"column":3}},"line":48},"4":{"name":"(anonymous_4)","decl":{"start":{"line":56,"column":2},"end":{"line":56,"column":3}},"loc":{"start":{"line":56,"column":28},"end":{"line":110,"column":3}},"line":56}},"branchMap":{"0":{"loc":{"start":{"line":18,"column":12},"end":{"line":18,"column":31}},"type":"default-arg","locations":[{"start":{"line":18,"column":22},"end":{"line":18,"column":31}}],"line":18},"1":{"loc":{"start":{"line":32,"column":12},"end":{"line":32,"column":23}},"type":"default-arg","locations":[{"start":{"line":32,"column":19},"end":{"line":32,"column":23}}],"line":32},"2":{"loc":{"start":{"line":45,"column":11},"end":{"line":45,"column":69}},"type":"cond-expr","locations":[{"start":{"line":45,"column":33},"end":{"line":45,"column":64}},{"start":{"line":45,"column":67},"end":{"line":45,"column":69}}],"line":45},"3":{"loc":{"start":{"line":51,"column":4},"end":{"line":53,"column":5}},"type":"if","locations":[{"start":{"line":51,"column":4},"end":{"line":53,"column":5}},{"start":{},"end":{}}],"line":51},"4":{"loc":{"start":{"line":51,"column":8},"end":{"line":51,"column":40}},"type":"binary-expr","locations":[{"start":{"line":51,"column":8},"end":{"line":51,"column":17}},{"start":{"line":51,"column":21},"end":{"line":51,"column":29}},{"start":{"line":51,"column":33},"end":{"line":51,"column":40}}],"line":51},"5":{"loc":{"start":{"line":59,"column":6},"end":{"line":59,"column":21}},"type":"default-arg","locations":[{"start":{"line":59,"column":13},"end":{"line":59,"column":21}}],"line":59},"6":{"loc":{"start":{"line":60,"column":6},"end":{"line":60,"column":22}},"type":"default-arg","locations":[{"start":{"line":60,"column":17},"end":{"line":60,"column":22}}],"line":60},"7":{"loc":{"start":{"line":61,"column":6},"end":{"line":61,"column":21}},"type":"default-arg","locations":[{"start":{"line":61,"column":16},"end":{"line":61,"column":21}}],"line":61},"8":{"loc":{"start":{"line":62,"column":6},"end":{"line":62,"column":20}},"type":"default-arg","locations":[{"start":{"line":62,"column":18},"end":{"line":62,"column":20}}],"line":62},"9":{"loc":{"start":{"line":76,"column":18},"end":{"line":76,"column":37}},"type":"binary-expr","locations":[{"start":{"line":76,"column":18},"end":{"line":76,"column":26}},{"start":{"line":76,"column":30},"end":{"line":76,"column":37}}],"line":76},"10":{"loc":{"start":{"line":81,"column":9},"end":{"line":107,"column":9}},"type":"cond-expr","locations":[{"start":{"line":82,"column":10},"end":{"line":104,"column":16}},{"start":{"line":106,"column":10},"end":{"line":106,"column":18}}],"line":81}},"s":{"0":24,"1":24,"2":24,"3":24,"4":24,"5":24,"6":24,"7":24,"8":2,"9":2,"10":2,"11":24,"12":24,"13":24,"14":24,"15":24,"16":24,"17":24},"f":{"0":24,"1":24,"2":24,"3":2,"4":24},"b":{"0":[19],"1":[20],"2":[2,22],"3":[2,0],"4":[2,2,2],"5":[22],"6":[22],"7":[22],"8":[22],"9":[24,22],"10":[2,22]},"_coverageSchema":"1a1c01bbd47fc00a2c39e90264f33305004495a9","hash":"dd1bf85d0db1ccfcf8da5b831901474610bbd3de"}
,"/home/vutrongan/desktop/works/trove/trove_home/trove_home_frontend/src/components/ui.components/Card.component.tsx": {"path":"/home/vutrongan/desktop/works/trove/trove_home/trove_home_frontend/src/components/ui.components/Card.component.tsx","statementMap":{"0":{"start":{"line":26,"column":4},"end":{"line":26,"column":17}},"1":{"start":{"line":27,"column":4},"end":{"line":29,"column":6}},"2":{"start":{"line":33,"column":36},"end":{"line":33,"column":46}},"3":{"start":{"line":35,"column":27},"end":{"line":40,"column":5}},"4":{"start":{"line":42,"column":4},"end":{"line":42,"column":35}},"5":{"start":{"line":46,"column":28},"end":{"line":46,"column":38}},"6":{"start":{"line":48,"column":24},"end":{"line":53,"column":5}},"7":{"start":{"line":55,"column":4},"end":{"line":55,"column":29}},"8":{"start":{"line":59,"column":31},"end":{"line":59,"column":41}},"9":{"start":{"line":61,"column":27},"end":{"line":70,"column":5}},"10":{"start":{"line":72,"column":4},"end":{"line":72,"column":35}},"11":{"start":{"line":76,"column":41},"end":{"line":76,"column":51}},"12":{"start":{"line":77,"column":26},"end":{"line":77,"column":36}},"13":{"start":{"line":79,"column":26},"end":{"line":86,"column":5}},"14":{"start":{"line":88,"column":22},"end":{"line":88,"column":43}},"15":{"start":{"line":90,"column":4},"end":{"line":101,"column":5}},"16":{"start":{"line":92,"column":29},"end":{"line":99,"column":7}},"17":{"start":{"line":100,"column":6},"end":{"line":100,"column":43}},"18":{"start":{"line":103,"column":4},"end":{"line":103,"column":23}},"19":{"start":{"line":107,"column":31},"end":{"line":107,"column":41}},"20":{"start":{"line":109,"column":27},"end":{"line":115,"column":5}},"21":{"start":{"line":117,"column":4},"end":{"line":117,"column":35}},"22":{"start":{"line":121,"column":37},"end":{"line":121,"column":47}},"23":{"start":{"line":122,"column":20},"end":{"line":122,"column":22}},"24":{"start":{"line":124,"column":4},"end":{"line":126,"column":5}},"25":{"start":{"line":125,"column":6},"end":{"line":125,"column":65}},"26":{"start":{"line":128,"column":4},"end":{"line":130,"column":5}},"27":{"start":{"line":129,"column":6},"end":{"line":129,"column":99}},"28":{"start":{"line":132,"column":4},"end":{"line":132,"column":29}},"29":{"start":{"line":135,"column":24},"end":{"line":139,"column":3}},"30":{"start":{"line":136,"column":4},"end":{"line":138,"column":5}},"31":{"start":{"line":137,"column":6},"end":{"line":137,"column":32}},"32":{"start":{"line":141,"column":29},"end":{"line":146,"column":3}},"33":{"start":{"line":142,"column":4},"end":{"line":142,"column":39}},"34":{"start":{"line":143,"column":4},"end":{"line":145,"column":5}},"35":{"start":{"line":144,"column":6},"end":{"line":144,"column":37}},"36":{"start":{"line":148,"column":29},"end":{"line":153,"column":3}},"37":{"start":{"line":149,"column":4},"end":{"line":149,"column":40}},"38":{"start":{"line":150,"column":4},"end":{"line":152,"column":5}},"39":{"start":{"line":151,"column":6},"end":{"line":151,"column":37}},"40":{"start":{"line":164,"column":8},"end":{"line":164,"column":18}},"41":{"start":{"line":166,"column":27},"end":{"line":166,"column":51}},"42":{"start":{"line":167,"column":24},"end":{"line":167,"column":45}},"43":{"start":{"line":168,"column":27},"end":{"line":168,"column":51}},"44":{"start":{"line":169,"column":26},"end":{"line":169,"column":49}},"45":{"start":{"line":170,"column":27},"end":{"line":170,"column":51}},"46":{"start":{"line":171,"column":31},"end":{"line":171,"column":59}},"47":{"start":{"line":173,"column":28},"end":{"line":173,"column":157}},"48":{"start":{"line":175,"column":4},"end":{"line":188,"column":6}}},"fnMap":{"0":{"name":"(anonymous_0)","decl":{"start":{"line":25,"column":2},"end":{"line":25,"column":3}},"loc":{"start":{"line":25,"column":32},"end":{"line":30,"column":3}},"line":25},"1":{"name":"(anonymous_1)","decl":{"start":{"line":32,"column":2},"end":{"line":32,"column":3}},"loc":{"start":{"line":32,"column":38},"end":{"line":43,"column":3}},"line":32},"2":{"name":"(anonymous_2)","decl":{"start":{"line":45,"column":2},"end":{"line":45,"column":3}},"loc":{"start":{"line":45,"column":35},"end":{"line":56,"column":3}},"line":45},"3":{"name":"(anonymous_3)","decl":{"start":{"line":58,"column":2},"end":{"line":58,"column":3}},"loc":{"start":{"line":58,"column":38},"end":{"line":73,"column":3}},"line":58},"4":{"name":"(anonymous_4)","decl":{"start":{"line":75,"column":2},"end":{"line":75,"column":3}},"loc":{"start":{"line":75,"column":37},"end":{"line":104,"column":3}},"line":75},"5":{"name":"(anonymous_5)","decl":{"start":{"line":106,"column":2},"end":{"line":106,"column":3}},"loc":{"start":{"line":106,"column":38},"end":{"line":118,"column":3}},"line":106},"6":{"name":"(anonymous_6)","decl":{"start":{"line":120,"column":2},"end":{"line":120,"column":3}},"loc":{"start":{"line":120,"column":42},"end":{"line":133,"column":3}},"line":120},"7":{"name":"(anonymous_7)","decl":{"start":{"line":135,"column":24},"end":{"line":135,"column":25}},"loc":{"start":{"line":135,"column":75},"end":{"line":139,"column":3}},"line":135},"8":{"name":"(anonymous_8)","decl":{"start":{"line":141,"column":29},"end":{"line":141,"column":30}},"loc":{"start":{"line":141,"column":80},"end":{"line":146,"column":3}},"line":141},"9":{"name":"(anonymous_9)","decl":{"start":{"line":148,"column":29},"end":{"line":148,"column":30}},"loc":{"start":{"line":148,"column":80},"end":{"line":153,"column":3}},"line":148},"10":{"name":"(anonymous_10)","decl":{"start":{"line":155,"column":2},"end":{"line":155,"column":3}},"loc":{"start":{"line":155,"column":28},"end":{"line":189,"column":3}},"line":155}},"branchMap":{"0":{"loc":{"start":{"line":33,"column":12},"end":{"line":33,"column":31}},"type":"default-arg","locations":[{"start":{"line":33,"column":22},"end":{"line":33,"column":31}}],"line":33},"1":{"loc":{"start":{"line":46,"column":12},"end":{"line":46,"column":23}},"type":"default-arg","locations":[{"start":{"line":46,"column":19},"end":{"line":46,"column":23}}],"line":46},"2":{"loc":{"start":{"line":59,"column":12},"end":{"line":59,"column":26}},"type":"default-arg","locations":[{"start":{"line":59,"column":22},"end":{"line":59,"column":26}}],"line":59},"3":{"loc":{"start":{"line":76,"column":12},"end":{"line":76,"column":25}},"type":"default-arg","locations":[{"start":{"line":76,"column":21},"end":{"line":76,"column":25}}],"line":76},"4":{"loc":{"start":{"line":90,"column":4},"end":{"line":101,"column":5}},"type":"if","locations":[{"start":{"line":90,"column":4},"end":{"line":101,"column":5}},{"start":{},"end":{}}],"line":90},"5":{"loc":{"start":{"line":90,"column":8},"end":{"line":90,"column":30}},"type":"binary-expr","locations":[{"start":{"line":90,"column":8},"end":{"line":90,"column":17}},{"start":{"line":90,"column":21},"end":{"line":90,"column":30}}],"line":90},"6":{"loc":{"start":{"line":107,"column":12},"end":{"line":107,"column":26}},"type":"default-arg","locations":[{"start":{"line":107,"column":22},"end":{"line":107,"column":26}}],"line":107},"7":{"loc":{"start":{"line":124,"column":4},"end":{"line":126,"column":5}},"type":"if","locations":[{"start":{"line":124,"column":4},"end":{"line":126,"column":5}},{"start":{},"end":{}}],"line":124},"8":{"loc":{"start":{"line":128,"column":4},"end":{"line":130,"column":5}},"type":"if","locations":[{"start":{"line":128,"column":4},"end":{"line":130,"column":5}},{"start":{},"end":{}}],"line":128},"9":{"loc":{"start":{"line":136,"column":4},"end":{"line":138,"column":5}},"type":"if","locations":[{"start":{"line":136,"column":4},"end":{"line":138,"column":5}},{"start":{},"end":{}}],"line":136},"10":{"loc":{"start":{"line":143,"column":4},"end":{"line":145,"column":5}},"type":"if","locations":[{"start":{"line":143,"column":4},"end":{"line":145,"column":5}},{"start":{},"end":{}}],"line":143},"11":{"loc":{"start":{"line":150,"column":4},"end":{"line":152,"column":5}},"type":"if","locations":[{"start":{"line":150,"column":4},"end":{"line":152,"column":5}},{"start":{},"end":{}}],"line":150},"12":{"loc":{"start":{"line":160,"column":6},"end":{"line":160,"column":20}},"type":"default-arg","locations":[{"start":{"line":160,"column":18},"end":{"line":160,"column":20}}],"line":160},"13":{"loc":{"start":{"line":180,"column":17},"end":{"line":180,"column":55}},"type":"cond-expr","locations":[{"start":{"line":180,"column":27},"end":{"line":180,"column":43}},{"start":{"line":180,"column":46},"end":{"line":180,"column":55}}],"line":180},"14":{"loc":{"start":{"line":181,"column":22},"end":{"line":181,"column":67}},"type":"cond-expr","locations":[{"start":{"line":181,"column":34},"end":{"line":181,"column":55}},{"start":{"line":181,"column":58},"end":{"line":181,"column":67}}],"line":181},"15":{"loc":{"start":{"line":182,"column":22},"end":{"line":182,"column":67}},"type":"cond-expr","locations":[{"start":{"line":182,"column":34},"end":{"line":182,"column":55}},{"start":{"line":182,"column":58},"end":{"line":182,"column":67}}],"line":182},"16":{"loc":{"start":{"line":183,"column":14},"end":{"line":183,"column":46}},"type":"cond-expr","locations":[{"start":{"line":183,"column":26},"end":{"line":183,"column":34}},{"start":{"line":183,"column":37},"end":{"line":183,"column":46}}],"line":183},"17":{"loc":{"start":{"line":184,"column":18},"end":{"line":184,"column":43}},"type":"cond-expr","locations":[{"start":{"line":184,"column":30},"end":{"line":184,"column":31}},{"start":{"line":184,"column":34},"end":{"line":184,"column":43}}],"line":184}},"s":{"0":0,"1":0,"2":0,"3":0,"4":0,"5":0,"6":0,"7":0,"8":0,"9":0,"10":0,"11":0,"12":0,"13":0,"14":0,"15":0,"16":0,"17":0,"18":0,"19":0,"20":0,"21":0,"22":0,"23":0,"24":0,"25":0,"26":0,"27":0,"28":0,"29":0,"30":0,"31":0,"32":0,"33":0,"34":0,"35":0,"36":0,"37":0,"38":0,"39":0,"40":0,"41":0,"42":0,"43":0,"44":0,"45":0,"46":0,"47":0,"48":0},"f":{"0":0,"1":0,"2":0,"3":0,"4":0,"5":0,"6":0,"7":0,"8":0,"9":0,"10":0},"b":{"0":[0],"1":[0],"2":[0],"3":[0],"4":[0,0],"5":[0,0],"6":[0],"7":[0,0],"8":[0,0],"9":[0,0],"10":[0,0],"11":[0,0],"12":[0],"13":[0,0],"14":[0,0],"15":[0,0],"16":[0,0],"17":[0,0]}}
,"/home/vutrongan/desktop/works/trove/trove_home/trove_home_frontend/src/components/ui.components/Container.component.tsx": {"path":"/home/vutrongan/desktop/works/trove/trove_home/trove_home_frontend/src/components/ui.components/Container.component.tsx","statementMap":{"0":{"start":{"line":19,"column":28},"end":{"line":19,"column":38}},"1":{"start":{"line":21,"column":24},"end":{"line":35,"column":5}},"2":{"start":{"line":37,"column":4},"end":{"line":37,"column":29}},"3":{"start":{"line":41,"column":30},"end":{"line":41,"column":40}},"4":{"start":{"line":43,"column":4},"end":{"line":43,"column":42}},"5":{"start":{"line":47,"column":44},"end":{"line":47,"column":54}},"6":{"start":{"line":48,"column":20},"end":{"line":48,"column":22}},"7":{"start":{"line":50,"column":4},"end":{"line":84,"column":5}},"8":{"start":{"line":51,"column":25},"end":{"line":58,"column":7}},"9":{"start":{"line":59,"column":6},"end":{"line":59,"column":40}},"10":{"start":{"line":61,"column":6},"end":{"line":71,"column":7}},"11":{"start":{"line":62,"column":28},"end":{"line":69,"column":9}},"12":{"start":{"line":70,"column":8},"end":{"line":70,"column":44}},"13":{"start":{"line":73,"column":6},"end":{"line":83,"column":7}},"14":{"start":{"line":74,"column":28},"end":{"line":81,"column":9}},"15":{"start":{"line":82,"column":8},"end":{"line":82,"column":44}},"16":{"start":{"line":86,"column":4},"end":{"line":86,"column":29}},"17":{"start":{"line":89,"column":24},"end":{"line":93,"column":3}},"18":{"start":{"line":90,"column":4},"end":{"line":92,"column":5}},"19":{"start":{"line":91,"column":6},"end":{"line":91,"column":32}},"20":{"start":{"line":103,"column":8},"end":{"line":103,"column":18}},"21":{"start":{"line":105,"column":24},"end":{"line":105,"column":45}},"22":{"start":{"line":106,"column":26},"end":{"line":106,"column":49}},"23":{"start":{"line":107,"column":27},"end":{"line":107,"column":51}},"24":{"start":{"line":109,"column":28},"end":{"line":109,"column":99}},"25":{"start":{"line":111,"column":4},"end":{"line":120,"column":6}}},"fnMap":{"0":{"name":"(anonymous_0)","decl":{"start":{"line":18,"column":2},"end":{"line":18,"column":3}},"loc":{"start":{"line":18,"column":35},"end":{"line":38,"column":3}},"line":18},"1":{"name":"(anonymous_1)","decl":{"start":{"line":40,"column":2},"end":{"line":40,"column":3}},"loc":{"start":{"line":40,"column":37},"end":{"line":44,"column":3}},"line":40},"2":{"name":"(anonymous_2)","decl":{"start":{"line":46,"column":2},"end":{"line":46,"column":3}},"loc":{"start":{"line":46,"column":38},"end":{"line":87,"column":3}},"line":46},"3":{"name":"(anonymous_3)","decl":{"start":{"line":89,"column":24},"end":{"line":89,"column":25}},"loc":{"start":{"line":89,"column":59},"end":{"line":93,"column":3}},"line":89},"4":{"name":"(anonymous_4)","decl":{"start":{"line":95,"column":2},"end":{"line":95,"column":3}},"loc":{"start":{"line":95,"column":28},"end":{"line":121,"column":3}},"line":95}},"branchMap":{"0":{"loc":{"start":{"line":19,"column":12},"end":{"line":19,"column":23}},"type":"default-arg","locations":[{"start":{"line":19,"column":19},"end":{"line":19,"column":23}}],"line":19},"1":{"loc":{"start":{"line":43,"column":11},"end":{"line":43,"column":41}},"type":"cond-expr","locations":[{"start":{"line":43,"column":27},"end":{"line":43,"column":36}},{"start":{"line":43,"column":39},"end":{"line":43,"column":41}}],"line":43},"2":{"loc":{"start":{"line":50,"column":4},"end":{"line":84,"column":5}},"type":"if","locations":[{"start":{"line":50,"column":4},"end":{"line":84,"column":5}},{"start":{"line":60,"column":11},"end":{"line":84,"column":5}}],"line":50},"3":{"loc":{"start":{"line":50,"column":8},"end":{"line":50,"column":37}},"type":"binary-expr","locations":[{"start":{"line":50,"column":8},"end":{"line":50,"column":15}},{"start":{"line":50,"column":19},"end":{"line":50,"column":37}}],"line":50},"4":{"loc":{"start":{"line":61,"column":6},"end":{"line":71,"column":7}},"type":"if","locations":[{"start":{"line":61,"column":6},"end":{"line":71,"column":7}},{"start":{},"end":{}}],"line":61},"5":{"loc":{"start":{"line":61,"column":10},"end":{"line":61,"column":41}},"type":"binary-expr","locations":[{"start":{"line":61,"column":10},"end":{"line":61,"column":18}},{"start":{"line":61,"column":22},"end":{"line":61,"column":41}}],"line":61},"6":{"loc":{"start":{"line":73,"column":6},"end":{"line":83,"column":7}},"type":"if","locations":[{"start":{"line":73,"column":6},"end":{"line":83,"column":7}},{"start":{},"end":{}}],"line":73},"7":{"loc":{"start":{"line":73,"column":10},"end":{"line":73,"column":41}},"type":"binary-expr","locations":[{"start":{"line":73,"column":10},"end":{"line":73,"column":18}},{"start":{"line":73,"column":22},"end":{"line":73,"column":41}}],"line":73},"8":{"loc":{"start":{"line":90,"column":4},"end":{"line":92,"column":5}},"type":"if","locations":[{"start":{"line":90,"column":4},"end":{"line":92,"column":5}},{"start":{},"end":{}}],"line":90},"9":{"loc":{"start":{"line":98,"column":10},"end":{"line":98,"column":27}},"type":"default-arg","locations":[{"start":{"line":98,"column":22},"end":{"line":98,"column":27}}],"line":98},"10":{"loc":{"start":{"line":99,"column":6},"end":{"line":99,"column":20}},"type":"default-arg","locations":[{"start":{"line":99,"column":18},"end":{"line":99,"column":20}}],"line":99},"11":{"loc":{"start":{"line":116,"column":17},"end":{"line":116,"column":55}},"type":"cond-expr","locations":[{"start":{"line":116,"column":27},"end":{"line":116,"column":43}},{"start":{"line":116,"column":46},"end":{"line":116,"column":55}}],"line":116}},"s":{"0":0,"1":0,"2":0,"3":0,"4":0,"5":0,"6":0,"7":0,"8":0,"9":0,"10":0,"11":0,"12":0,"13":0,"14":0,"15":0,"16":0,"17":0,"18":0,"19":0,"20":0,"21":0,"22":0,"23":0,"24":0,"25":0},"f":{"0":0,"1":0,"2":0,"3":0,"4":0},"b":{"0":[0],"1":[0,0],"2":[0,0],"3":[0,0],"4":[0,0],"5":[0,0],"6":[0,0],"7":[0,0],"8":[0,0],"9":[0],"10":[0],"11":[0,0]}}
,"/home/vutrongan/desktop/works/trove/trove_home/trove_home_frontend/src/components/ui.components/Flex.component.tsx": {"path":"/home/vutrongan/desktop/works/trove/trove_home/trove_home_frontend/src/components/ui.components/Flex.component.tsx","statementMap":{"0":{"start":{"line":23,"column":34},"end":{"line":23,"column":44}},"1":{"start":{"line":25,"column":29},"end":{"line":30,"column":5}},"2":{"start":{"line":32,"column":4},"end":{"line":32,"column":39}},"3":{"start":{"line":36,"column":32},"end":{"line":36,"column":42}},"4":{"start":{"line":38,"column":24},"end":{"line":42,"column":5}},"5":{"start":{"line":44,"column":4},"end":{"line":44,"column":29}},"6":{"start":{"line":48,"column":24},"end":{"line":48,"column":34}},"7":{"start":{"line":50,"column":4},"end":{"line":50,"column":28}},"8":{"start":{"line":50,"column":18},"end":{"line":50,"column":28}},"9":{"start":{"line":52,"column":27},"end":{"line":59,"column":5}},"10":{"start":{"line":61,"column":4},"end":{"line":61,"column":35}},"11":{"start":{"line":65,"column":22},"end":{"line":65,"column":32}},"12":{"start":{"line":67,"column":4},"end":{"line":67,"column":26}},"13":{"start":{"line":67,"column":16},"end":{"line":67,"column":26}},"14":{"start":{"line":69,"column":25},"end":{"line":75,"column":5}},"15":{"start":{"line":77,"column":4},"end":{"line":77,"column":31}},"16":{"start":{"line":81,"column":29},"end":{"line":81,"column":39}},"17":{"start":{"line":83,"column":4},"end":{"line":83,"column":33}},"18":{"start":{"line":83,"column":23},"end":{"line":83,"column":33}},"19":{"start":{"line":85,"column":32},"end":{"line":93,"column":5}},"20":{"start":{"line":95,"column":4},"end":{"line":95,"column":45}},"21":{"start":{"line":99,"column":20},"end":{"line":99,"column":30}},"22":{"start":{"line":101,"column":4},"end":{"line":101,"column":42}},"23":{"start":{"line":101,"column":32},"end":{"line":101,"column":42}},"24":{"start":{"line":103,"column":23},"end":{"line":111,"column":5}},"25":{"start":{"line":113,"column":4},"end":{"line":113,"column":27}},"26":{"start":{"line":117,"column":36},"end":{"line":117,"column":46}},"27":{"start":{"line":118,"column":20},"end":{"line":118,"column":22}},"28":{"start":{"line":120,"column":4},"end":{"line":124,"column":5}},"29":{"start":{"line":121,"column":6},"end":{"line":121,"column":32}},"30":{"start":{"line":122,"column":11},"end":{"line":124,"column":5}},"31":{"start":{"line":123,"column":6},"end":{"line":123,"column":40}},"32":{"start":{"line":126,"column":4},"end":{"line":130,"column":5}},"33":{"start":{"line":127,"column":6},"end":{"line":127,"column":34}},"34":{"start":{"line":128,"column":11},"end":{"line":130,"column":5}},"35":{"start":{"line":129,"column":6},"end":{"line":129,"column":44}},"36":{"start":{"line":132,"column":4},"end":{"line":136,"column":5}},"37":{"start":{"line":133,"column":6},"end":{"line":135,"column":7}},"38":{"start":{"line":134,"column":8},"end":{"line":134,"column":44}},"39":{"start":{"line":138,"column":4},"end":{"line":138,"column":29}},"40":{"start":{"line":141,"column":24},"end":{"line":145,"column":3}},"41":{"start":{"line":142,"column":4},"end":{"line":144,"column":5}},"42":{"start":{"line":143,"column":6},"end":{"line":143,"column":32}},"43":{"start":{"line":155,"column":8},"end":{"line":155,"column":18}},"44":{"start":{"line":157,"column":24},"end":{"line":157,"column":30}},"45":{"start":{"line":158,"column":29},"end":{"line":158,"column":55}},"46":{"start":{"line":159,"column":24},"end":{"line":159,"column":45}},"47":{"start":{"line":160,"column":27},"end":{"line":160,"column":51}},"48":{"start":{"line":161,"column":25},"end":{"line":161,"column":47}},"49":{"start":{"line":162,"column":32},"end":{"line":162,"column":61}},"50":{"start":{"line":163,"column":23},"end":{"line":163,"column":43}},"51":{"start":{"line":164,"column":24},"end":{"line":164,"column":45}},"52":{"start":{"line":166,"column":28},"end":{"line":166,"column":185}},"53":{"start":{"line":168,"column":4},"end":{"line":177,"column":6}}},"fnMap":{"0":{"name":"(anonymous_0)","decl":{"start":{"line":22,"column":2},"end":{"line":22,"column":3}},"loc":{"start":{"line":22,"column":40},"end":{"line":33,"column":3}},"line":22},"1":{"name":"(anonymous_1)","decl":{"start":{"line":35,"column":2},"end":{"line":35,"column":3}},"loc":{"start":{"line":35,"column":35},"end":{"line":45,"column":3}},"line":35},"2":{"name":"(anonymous_2)","decl":{"start":{"line":47,"column":2},"end":{"line":47,"column":3}},"loc":{"start":{"line":47,"column":38},"end":{"line":62,"column":3}},"line":47},"3":{"name":"(anonymous_3)","decl":{"start":{"line":64,"column":2},"end":{"line":64,"column":3}},"loc":{"start":{"line":64,"column":36},"end":{"line":78,"column":3}},"line":64},"4":{"name":"(anonymous_4)","decl":{"start":{"line":80,"column":2},"end":{"line":80,"column":3}},"loc":{"start":{"line":80,"column":43},"end":{"line":96,"column":3}},"line":80},"5":{"name":"(anonymous_5)","decl":{"start":{"line":98,"column":2},"end":{"line":98,"column":3}},"loc":{"start":{"line":98,"column":34},"end":{"line":114,"column":3}},"line":98},"6":{"name":"(anonymous_6)","decl":{"start":{"line":116,"column":2},"end":{"line":116,"column":3}},"loc":{"start":{"line":116,"column":35},"end":{"line":139,"column":3}},"line":116},"7":{"name":"(anonymous_7)","decl":{"start":{"line":141,"column":24},"end":{"line":141,"column":25}},"loc":{"start":{"line":141,"column":59},"end":{"line":145,"column":3}},"line":141},"8":{"name":"(anonymous_8)","decl":{"start":{"line":147,"column":2},"end":{"line":147,"column":3}},"loc":{"start":{"line":147,"column":28},"end":{"line":178,"column":3}},"line":147}},"branchMap":{"0":{"loc":{"start":{"line":23,"column":12},"end":{"line":23,"column":29}},"type":"default-arg","locations":[{"start":{"line":23,"column":24},"end":{"line":23,"column":29}}],"line":23},"1":{"loc":{"start":{"line":36,"column":12},"end":{"line":36,"column":27}},"type":"default-arg","locations":[{"start":{"line":36,"column":19},"end":{"line":36,"column":27}}],"line":36},"2":{"loc":{"start":{"line":50,"column":4},"end":{"line":50,"column":28}},"type":"if","locations":[{"start":{"line":50,"column":4},"end":{"line":50,"column":28}},{"start":{},"end":{}}],"line":50},"3":{"loc":{"start":{"line":67,"column":4},"end":{"line":67,"column":26}},"type":"if","locations":[{"start":{"line":67,"column":4},"end":{"line":67,"column":26}},{"start":{},"end":{}}],"line":67},"4":{"loc":{"start":{"line":83,"column":4},"end":{"line":83,"column":33}},"type":"if","locations":[{"start":{"line":83,"column":4},"end":{"line":83,"column":33}},{"start":{},"end":{}}],"line":83},"5":{"loc":{"start":{"line":101,"column":4},"end":{"line":101,"column":42}},"type":"if","locations":[{"start":{"line":101,"column":4},"end":{"line":101,"column":42}},{"start":{},"end":{}}],"line":101},"6":{"loc":{"start":{"line":101,"column":8},"end":{"line":101,"column":30}},"type":"binary-expr","locations":[{"start":{"line":101,"column":8},"end":{"line":101,"column":12}},{"start":{"line":101,"column":16},"end":{"line":101,"column":30}}],"line":101},"7":{"loc":{"start":{"line":120,"column":4},"end":{"line":124,"column":5}},"type":"if","locations":[{"start":{"line":120,"column":4},"end":{"line":124,"column":5}},{"start":{"line":122,"column":11},"end":{"line":124,"column":5}}],"line":120},"8":{"loc":{"start":{"line":122,"column":11},"end":{"line":124,"column":5}},"type":"if","locations":[{"start":{"line":122,"column":11},"end":{"line":124,"column":5}},{"start":{},"end":{}}],"line":122},"9":{"loc":{"start":{"line":126,"column":4},"end":{"line":130,"column":5}},"type":"if","locations":[{"start":{"line":126,"column":4},"end":{"line":130,"column":5}},{"start":{"line":128,"column":11},"end":{"line":130,"column":5}}],"line":126},"10":{"loc":{"start":{"line":128,"column":11},"end":{"line":130,"column":5}},"type":"if","locations":[{"start":{"line":128,"column":11},"end":{"line":130,"column":5}},{"start":{},"end":{}}],"line":128},"11":{"loc":{"start":{"line":132,"column":4},"end":{"line":136,"column":5}},"type":"if","locations":[{"start":{"line":132,"column":4},"end":{"line":136,"column":5}},{"start":{},"end":{}}],"line":132},"12":{"loc":{"start":{"line":133,"column":6},"end":{"line":135,"column":7}},"type":"if","locations":[{"start":{"line":133,"column":6},"end":{"line":135,"column":7}},{"start":{},"end":{}}],"line":133},"13":{"loc":{"start":{"line":142,"column":4},"end":{"line":144,"column":5}},"type":"if","locations":[{"start":{"line":142,"column":4},"end":{"line":144,"column":5}},{"start":{},"end":{}}],"line":142},"14":{"loc":{"start":{"line":150,"column":10},"end":{"line":150,"column":27}},"type":"default-arg","locations":[{"start":{"line":150,"column":22},"end":{"line":150,"column":27}}],"line":150},"15":{"loc":{"start":{"line":151,"column":6},"end":{"line":151,"column":20}},"type":"default-arg","locations":[{"start":{"line":151,"column":18},"end":{"line":151,"column":20}}],"line":151},"16":{"loc":{"start":{"line":173,"column":17},"end":{"line":173,"column":55}},"type":"cond-expr","locations":[{"start":{"line":173,"column":27},"end":{"line":173,"column":43}},{"start":{"line":173,"column":46},"end":{"line":173,"column":55}}],"line":173}},"s":{"0":0,"1":0,"2":0,"3":0,"4":0,"5":0,"6":0,"7":0,"8":0,"9":0,"10":0,"11":0,"12":0,"13":0,"14":0,"15":0,"16":0,"17":0,"18":0,"19":0,"20":0,"21":0,"22":0,"23":0,"24":0,"25":0,"26":0,"27":0,"28":0,"29":0,"30":0,"31":0,"32":0,"33":0,"34":0,"35":0,"36":0,"37":0,"38":0,"39":0,"40":0,"41":0,"42":0,"43":0,"44":0,"45":0,"46":0,"47":0,"48":0,"49":0,"50":0,"51":0,"52":0,"53":0},"f":{"0":0,"1":0,"2":0,"3":0,"4":0,"5":0,"6":0,"7":0,"8":0},"b":{"0":[0],"1":[0],"2":[0,0],"3":[0,0],"4":[0,0],"5":[0,0],"6":[0,0],"7":[0,0],"8":[0,0],"9":[0,0],"10":[0,0],"11":[0,0],"12":[0,0],"13":[0,0],"14":[0],"15":[0],"16":[0,0]}}
,"/home/vutrongan/desktop/works/trove/trove_home/trove_home_frontend/src/components/ui.components/Form.component.tsx": {"path":"/home/vutrongan/desktop/works/trove/trove_home/trove_home_frontend/src/components/ui.components/Form.component.tsx","statementMap":{"0":{"start":{"line":25,"column":4},"end":{"line":25,"column":17}},"1":{"start":{"line":26,"column":4},"end":{"line":29,"column":6}},"2":{"start":{"line":33,"column":31},"end":{"line":33,"column":41}},"3":{"start":{"line":35,"column":4},"end":{"line":35,"column":38}},"4":{"start":{"line":35,"column":28},"end":{"line":35,"column":38}},"5":{"start":{"line":37,"column":27},"end":{"line":44,"column":5}},"6":{"start":{"line":46,"column":4},"end":{"line":46,"column":35}},"7":{"start":{"line":49,"column":25},"end":{"line":69,"column":3}},"8":{"start":{"line":50,"column":25},"end":{"line":50,"column":35}},"9":{"start":{"line":53,"column":4},"end":{"line":53,"column":27}},"10":{"start":{"line":55,"column":4},"end":{"line":55,"column":26}},"11":{"start":{"line":55,"column":19},"end":{"line":55,"column":26}},"12":{"start":{"line":57,"column":4},"end":{"line":68,"column":5}},"13":{"start":{"line":58,"column":6},"end":{"line":58,"column":62}},"14":{"start":{"line":61,"column":6},"end":{"line":61,"column":28}},"15":{"start":{"line":64,"column":6},"end":{"line":64,"column":53}},"16":{"start":{"line":65,"column":6},"end":{"line":65,"column":41}},"17":{"start":{"line":67,"column":6},"end":{"line":67,"column":45}},"18":{"start":{"line":71,"column":24},"end":{"line":79,"column":3}},"19":{"start":{"line":72,"column":24},"end":{"line":72,"column":34}},"20":{"start":{"line":74,"column":4},"end":{"line":74,"column":61}},"21":{"start":{"line":76,"column":4},"end":{"line":78,"column":5}},"22":{"start":{"line":77,"column":6},"end":{"line":77,"column":21}},"23":{"start":{"line":83,"column":26},"end":{"line":83,"column":62}},"24":{"start":{"line":84,"column":4},"end":{"line":84,"column":36}},"25":{"start":{"line":84,"column":24},"end":{"line":84,"column":36}},"26":{"start":{"line":86,"column":21},"end":{"line":86,"column":48}},"27":{"start":{"line":87,"column":27},"end":{"line":87,"column":83}},"28":{"start":{"line":89,"column":4},"end":{"line":96,"column":5}},"29":{"start":{"line":90,"column":20},"end":{"line":90,"column":45}},"30":{"start":{"line":91,"column":20},"end":{"line":91,"column":44}},"31":{"start":{"line":93,"column":6},"end":{"line":95,"column":7}},"32":{"start":{"line":94,"column":8},"end":{"line":94,"column":21}},"33":{"start":{"line":98,"column":4},"end":{"line":98,"column":16}},"34":{"start":{"line":102,"column":24},"end":{"line":102,"column":45}},"35":{"start":{"line":103,"column":4},"end":{"line":103,"column":34}},"36":{"start":{"line":103,"column":22},"end":{"line":103,"column":34}},"37":{"start":{"line":105,"column":4},"end":{"line":105,"column":37}},"38":{"start":{"line":109,"column":24},"end":{"line":109,"column":45}},"39":{"start":{"line":110,"column":4},"end":{"line":113,"column":5}},"40":{"start":{"line":111,"column":6},"end":{"line":111,"column":26}},"41":{"start":{"line":112,"column":6},"end":{"line":112,"column":63}},"42":{"start":{"line":117,"column":24},"end":{"line":117,"column":45}},"43":{"start":{"line":118,"column":4},"end":{"line":118,"column":35}},"44":{"start":{"line":118,"column":22},"end":{"line":118,"column":35}},"45":{"start":{"line":120,"column":4},"end":{"line":120,"column":39}},"46":{"start":{"line":123,"column":20},"end":{"line":123,"column":54}},"47":{"start":{"line":136,"column":8},"end":{"line":136,"column":18}},"48":{"start":{"line":138,"column":40},"end":{"line":138,"column":50}},"49":{"start":{"line":139,"column":27},"end":{"line":139,"column":51}},"50":{"start":{"line":141,"column":28},"end":{"line":141,"column":67}},"51":{"start":{"line":143,"column":4},"end":{"line":162,"column":6}}},"fnMap":{"0":{"name":"(anonymous_0)","decl":{"start":{"line":24,"column":2},"end":{"line":24,"column":3}},"loc":{"start":{"line":24,"column":32},"end":{"line":30,"column":3}},"line":24},"1":{"name":"(anonymous_1)","decl":{"start":{"line":32,"column":2},"end":{"line":32,"column":3}},"loc":{"start":{"line":32,"column":38},"end":{"line":47,"column":3}},"line":32},"2":{"name":"(anonymous_2)","decl":{"start":{"line":49,"column":25},"end":{"line":49,"column":26}},"loc":{"start":{"line":49,"column":91},"end":{"line":69,"column":3}},"line":49},"3":{"name":"(anonymous_3)","decl":{"start":{"line":71,"column":24},"end":{"line":71,"column":25}},"loc":{"start":{"line":71,"column":75},"end":{"line":79,"column":3}},"line":71},"4":{"name":"(anonymous_4)","decl":{"start":{"line":81,"column":2},"end":{"line":81,"column":3}},"loc":{"start":{"line":81,"column":63},"end":{"line":99,"column":3}},"line":81},"5":{"name":"(anonymous_5)","decl":{"start":{"line":101,"column":2},"end":{"line":101,"column":3}},"loc":{"start":{"line":101,"column":40},"end":{"line":106,"column":3}},"line":101},"6":{"name":"(anonymous_6)","decl":{"start":{"line":108,"column":2},"end":{"line":108,"column":3}},"loc":{"start":{"line":108,"column":27},"end":{"line":114,"column":3}},"line":108},"7":{"name":"(anonymous_7)","decl":{"start":{"line":116,"column":2},"end":{"line":116,"column":3}},"loc":{"start":{"line":116,"column":28},"end":{"line":121,"column":3}},"line":116},"8":{"name":"(anonymous_8)","decl":{"start":{"line":125,"column":2},"end":{"line":125,"column":3}},"loc":{"start":{"line":125,"column":28},"end":{"line":163,"column":3}},"line":125}},"branchMap":{"0":{"loc":{"start":{"line":33,"column":12},"end":{"line":33,"column":26}},"type":"default-arg","locations":[{"start":{"line":33,"column":22},"end":{"line":33,"column":26}}],"line":33},"1":{"loc":{"start":{"line":35,"column":4},"end":{"line":35,"column":38}},"type":"if","locations":[{"start":{"line":35,"column":4},"end":{"line":35,"column":38}},{"start":{},"end":{}}],"line":35},"2":{"loc":{"start":{"line":55,"column":4},"end":{"line":55,"column":26}},"type":"if","locations":[{"start":{"line":55,"column":4},"end":{"line":55,"column":26}},{"start":{},"end":{}}],"line":55},"3":{"loc":{"start":{"line":76,"column":4},"end":{"line":78,"column":5}},"type":"if","locations":[{"start":{"line":76,"column":4},"end":{"line":78,"column":5}},{"start":{},"end":{}}],"line":76},"4":{"loc":{"start":{"line":83,"column":26},"end":{"line":83,"column":62}},"type":"binary-expr","locations":[{"start":{"line":83,"column":26},"end":{"line":83,"column":37}},{"start":{"line":83,"column":41},"end":{"line":83,"column":62}}],"line":83},"5":{"loc":{"start":{"line":84,"column":4},"end":{"line":84,"column":36}},"type":"if","locations":[{"start":{"line":84,"column":4},"end":{"line":84,"column":36}},{"start":{},"end":{}}],"line":84},"6":{"loc":{"start":{"line":93,"column":6},"end":{"line":95,"column":7}},"type":"if","locations":[{"start":{"line":93,"column":6},"end":{"line":95,"column":7}},{"start":{},"end":{}}],"line":93},"7":{"loc":{"start":{"line":93,"column":10},"end":{"line":93,"column":64}},"type":"binary-expr","locations":[{"start":{"line":93,"column":10},"end":{"line":93,"column":16}},{"start":{"line":93,"column":21},"end":{"line":93,"column":46}},{"start":{"line":93,"column":50},"end":{"line":93,"column":63}}],"line":93},"8":{"loc":{"start":{"line":103,"column":4},"end":{"line":103,"column":34}},"type":"if","locations":[{"start":{"line":103,"column":4},"end":{"line":103,"column":34}},{"start":{},"end":{}}],"line":103},"9":{"loc":{"start":{"line":110,"column":4},"end":{"line":113,"column":5}},"type":"if","locations":[{"start":{"line":110,"column":4},"end":{"line":113,"column":5}},{"start":{},"end":{}}],"line":110},"10":{"loc":{"start":{"line":118,"column":4},"end":{"line":118,"column":35}},"type":"if","locations":[{"start":{"line":118,"column":4},"end":{"line":118,"column":35}},{"start":{},"end":{}}],"line":118},"11":{"loc":{"start":{"line":128,"column":6},"end":{"line":128,"column":21}},"type":"default-arg","locations":[{"start":{"line":128,"column":15},"end":{"line":128,"column":21}}],"line":128},"12":{"loc":{"start":{"line":133,"column":6},"end":{"line":133,"column":20}},"type":"default-arg","locations":[{"start":{"line":133,"column":18},"end":{"line":133,"column":20}}],"line":133}},"s":{"0":0,"1":0,"2":0,"3":0,"4":0,"5":0,"6":0,"7":0,"8":0,"9":0,"10":0,"11":0,"12":0,"13":0,"14":0,"15":0,"16":0,"17":0,"18":0,"19":0,"20":0,"21":0,"22":0,"23":0,"24":0,"25":0,"26":0,"27":0,"28":0,"29":0,"30":0,"31":0,"32":0,"33":0,"34":0,"35":0,"36":0,"37":0,"38":0,"39":0,"40":0,"41":0,"42":0,"43":0,"44":0,"45":0,"46":0,"47":0,"48":0,"49":0,"50":0,"51":0},"f":{"0":0,"1":0,"2":0,"3":0,"4":0,"5":0,"6":0,"7":0,"8":0},"b":{"0":[0],"1":[0,0],"2":[0,0],"3":[0,0],"4":[0,0],"5":[0,0],"6":[0,0],"7":[0,0,0],"8":[0,0],"9":[0,0],"10":[0,0],"11":[0],"12":[0]}}
,"/home/vutrongan/desktop/works/trove/trove_home/trove_home_frontend/src/components/ui.components/Grid.component.tsx": {"path":"/home/vutrongan/desktop/works/trove/trove_home/trove_home_frontend/src/components/ui.components/Grid.component.tsx","statementMap":{"0":{"start":{"line":28,"column":21},"end":{"line":28,"column":31}},"1":{"start":{"line":30,"column":4},"end":{"line":30,"column":25}},"2":{"start":{"line":30,"column":15},"end":{"line":30,"column":25}},"3":{"start":{"line":32,"column":4},"end":{"line":32,"column":49}},"4":{"start":{"line":32,"column":25},"end":{"line":32,"column":49}},"5":{"start":{"line":33,"column":4},"end":{"line":33,"column":55}},"6":{"start":{"line":33,"column":28},"end":{"line":33,"column":55}},"7":{"start":{"line":35,"column":4},"end":{"line":35,"column":31}},"8":{"start":{"line":39,"column":21},"end":{"line":39,"column":31}},"9":{"start":{"line":41,"column":4},"end":{"line":41,"column":25}},"10":{"start":{"line":41,"column":15},"end":{"line":41,"column":25}},"11":{"start":{"line":43,"column":4},"end":{"line":43,"column":49}},"12":{"start":{"line":43,"column":25},"end":{"line":43,"column":49}},"13":{"start":{"line":44,"column":4},"end":{"line":44,"column":55}},"14":{"start":{"line":44,"column":28},"end":{"line":44,"column":55}},"15":{"start":{"line":46,"column":4},"end":{"line":46,"column":31}},"16":{"start":{"line":50,"column":32},"end":{"line":50,"column":42}},"17":{"start":{"line":51,"column":20},"end":{"line":51,"column":22}},"18":{"start":{"line":53,"column":4},"end":{"line":87,"column":5}},"19":{"start":{"line":54,"column":21},"end":{"line":61,"column":7}},"20":{"start":{"line":62,"column":6},"end":{"line":62,"column":32}},"21":{"start":{"line":64,"column":6},"end":{"line":74,"column":7}},"22":{"start":{"line":65,"column":24},"end":{"line":72,"column":9}},"23":{"start":{"line":73,"column":8},"end":{"line":73,"column":36}},"24":{"start":{"line":76,"column":6},"end":{"line":86,"column":7}},"25":{"start":{"line":77,"column":24},"end":{"line":84,"column":9}},"26":{"start":{"line":85,"column":8},"end":{"line":85,"column":36}},"27":{"start":{"line":89,"column":4},"end":{"line":89,"column":29}},"28":{"start":{"line":93,"column":25},"end":{"line":93,"column":35}},"29":{"start":{"line":95,"column":4},"end":{"line":95,"column":29}},"30":{"start":{"line":95,"column":19},"end":{"line":95,"column":29}},"31":{"start":{"line":97,"column":28},"end":{"line":103,"column":5}},"32":{"start":{"line":105,"column":4},"end":{"line":105,"column":37}},"33":{"start":{"line":109,"column":25},"end":{"line":109,"column":35}},"34":{"start":{"line":111,"column":4},"end":{"line":111,"column":29}},"35":{"start":{"line":111,"column":19},"end":{"line":111,"column":29}},"36":{"start":{"line":113,"column":28},"end":{"line":118,"column":5}},"37":{"start":{"line":120,"column":4},"end":{"line":120,"column":37}},"38":{"start":{"line":124,"column":25},"end":{"line":124,"column":35}},"39":{"start":{"line":126,"column":4},"end":{"line":126,"column":29}},"40":{"start":{"line":126,"column":19},"end":{"line":126,"column":29}},"41":{"start":{"line":128,"column":28},"end":{"line":133,"column":5}},"42":{"start":{"line":135,"column":4},"end":{"line":135,"column":37}},"43":{"start":{"line":139,"column":29},"end":{"line":139,"column":39}},"44":{"start":{"line":141,"column":4},"end":{"line":141,"column":33}},"45":{"start":{"line":141,"column":23},"end":{"line":141,"column":33}},"46":{"start":{"line":143,"column":32},"end":{"line":148,"column":5}},"47":{"start":{"line":150,"column":4},"end":{"line":150,"column":45}},"48":{"start":{"line":154,"column":27},"end":{"line":154,"column":37}},"49":{"start":{"line":156,"column":4},"end":{"line":156,"column":31}},"50":{"start":{"line":156,"column":21},"end":{"line":156,"column":31}},"51":{"start":{"line":158,"column":30},"end":{"line":163,"column":5}},"52":{"start":{"line":165,"column":4},"end":{"line":165,"column":41}},"53":{"start":{"line":169,"column":31},"end":{"line":169,"column":41}},"54":{"start":{"line":171,"column":4},"end":{"line":171,"column":35}},"55":{"start":{"line":171,"column":25},"end":{"line":171,"column":35}},"56":{"start":{"line":173,"column":34},"end":{"line":181,"column":5}},"57":{"start":{"line":183,"column":4},"end":{"line":183,"column":49}},"58":{"start":{"line":187,"column":29},"end":{"line":187,"column":39}},"59":{"start":{"line":189,"column":4},"end":{"line":189,"column":33}},"60":{"start":{"line":189,"column":23},"end":{"line":189,"column":33}},"61":{"start":{"line":191,"column":32},"end":{"line":199,"column":5}},"62":{"start":{"line":201,"column":4},"end":{"line":201,"column":45}},"63":{"start":{"line":205,"column":27},"end":{"line":205,"column":37}},"64":{"start":{"line":207,"column":4},"end":{"line":207,"column":31}},"65":{"start":{"line":207,"column":21},"end":{"line":207,"column":31}},"66":{"start":{"line":209,"column":30},"end":{"line":214,"column":5}},"67":{"start":{"line":216,"column":4},"end":{"line":216,"column":41}},"68":{"start":{"line":220,"column":29},"end":{"line":220,"column":39}},"69":{"start":{"line":222,"column":4},"end":{"line":222,"column":33}},"70":{"start":{"line":222,"column":23},"end":{"line":222,"column":33}},"71":{"start":{"line":224,"column":32},"end":{"line":232,"column":5}},"72":{"start":{"line":234,"column":4},"end":{"line":234,"column":45}},"73":{"start":{"line":237,"column":24},"end":{"line":241,"column":3}},"74":{"start":{"line":238,"column":4},"end":{"line":240,"column":5}},"75":{"start":{"line":239,"column":6},"end":{"line":239,"column":32}},"76":{"start":{"line":251,"column":8},"end":{"line":251,"column":18}},"77":{"start":{"line":253,"column":24},"end":{"line":253,"column":30}},"78":{"start":{"line":254,"column":24},"end":{"line":254,"column":45}},"79":{"start":{"line":255,"column":24},"end":{"line":255,"column":45}},"80":{"start":{"line":256,"column":23},"end":{"line":256,"column":43}},"81":{"start":{"line":257,"column":28},"end":{"line":257,"column":53}},"82":{"start":{"line":258,"column":28},"end":{"line":258,"column":53}},"83":{"start":{"line":259,"column":28},"end":{"line":259,"column":53}},"84":{"start":{"line":260,"column":32},"end":{"line":260,"column":61}},"85":{"start":{"line":261,"column":30},"end":{"line":261,"column":57}},"86":{"start":{"line":262,"column":34},"end":{"line":262,"column":65}},"87":{"start":{"line":263,"column":32},"end":{"line":263,"column":61}},"88":{"start":{"line":264,"column":30},"end":{"line":264,"column":57}},"89":{"start":{"line":265,"column":32},"end":{"line":265,"column":61}},"90":{"start":{"line":267,"column":28},"end":{"line":267,"column":301}},"91":{"start":{"line":269,"column":4},"end":{"line":278,"column":6}}},"fnMap":{"0":{"name":"(anonymous_0)","decl":{"start":{"line":27,"column":2},"end":{"line":27,"column":3}},"loc":{"start":{"line":27,"column":35},"end":{"line":36,"column":3}},"line":27},"1":{"name":"(anonymous_1)","decl":{"start":{"line":38,"column":2},"end":{"line":38,"column":3}},"loc":{"start":{"line":38,"column":35},"end":{"line":47,"column":3}},"line":38},"2":{"name":"(anonymous_2)","decl":{"start":{"line":49,"column":2},"end":{"line":49,"column":3}},"loc":{"start":{"line":49,"column":34},"end":{"line":90,"column":3}},"line":49},"3":{"name":"(anonymous_3)","decl":{"start":{"line":92,"column":2},"end":{"line":92,"column":3}},"loc":{"start":{"line":92,"column":39},"end":{"line":106,"column":3}},"line":92},"4":{"name":"(anonymous_4)","decl":{"start":{"line":108,"column":2},"end":{"line":108,"column":3}},"loc":{"start":{"line":108,"column":39},"end":{"line":121,"column":3}},"line":108},"5":{"name":"(anonymous_5)","decl":{"start":{"line":123,"column":2},"end":{"line":123,"column":3}},"loc":{"start":{"line":123,"column":39},"end":{"line":136,"column":3}},"line":123},"6":{"name":"(anonymous_6)","decl":{"start":{"line":138,"column":2},"end":{"line":138,"column":3}},"loc":{"start":{"line":138,"column":43},"end":{"line":151,"column":3}},"line":138},"7":{"name":"(anonymous_7)","decl":{"start":{"line":153,"column":2},"end":{"line":153,"column":3}},"loc":{"start":{"line":153,"column":41},"end":{"line":166,"column":3}},"line":153},"8":{"name":"(anonymous_8)","decl":{"start":{"line":168,"column":2},"end":{"line":168,"column":3}},"loc":{"start":{"line":168,"column":45},"end":{"line":184,"column":3}},"line":168},"9":{"name":"(anonymous_9)","decl":{"start":{"line":186,"column":2},"end":{"line":186,"column":3}},"loc":{"start":{"line":186,"column":43},"end":{"line":202,"column":3}},"line":186},"10":{"name":"(anonymous_10)","decl":{"start":{"line":204,"column":2},"end":{"line":204,"column":3}},"loc":{"start":{"line":204,"column":41},"end":{"line":217,"column":3}},"line":204},"11":{"name":"(anonymous_11)","decl":{"start":{"line":219,"column":2},"end":{"line":219,"column":3}},"loc":{"start":{"line":219,"column":43},"end":{"line":235,"column":3}},"line":219},"12":{"name":"(anonymous_12)","decl":{"start":{"line":237,"column":24},"end":{"line":237,"column":25}},"loc":{"start":{"line":237,"column":59},"end":{"line":241,"column":3}},"line":237},"13":{"name":"(anonymous_13)","decl":{"start":{"line":243,"column":2},"end":{"line":243,"column":3}},"loc":{"start":{"line":243,"column":28},"end":{"line":279,"column":3}},"line":243}},"branchMap":{"0":{"loc":{"start":{"line":30,"column":4},"end":{"line":30,"column":25}},"type":"if","locations":[{"start":{"line":30,"column":4},"end":{"line":30,"column":25}},{"start":{},"end":{}}],"line":30},"1":{"loc":{"start":{"line":32,"column":4},"end":{"line":32,"column":49}},"type":"if","locations":[{"start":{"line":32,"column":4},"end":{"line":32,"column":49}},{"start":{},"end":{}}],"line":32},"2":{"loc":{"start":{"line":33,"column":4},"end":{"line":33,"column":55}},"type":"if","locations":[{"start":{"line":33,"column":4},"end":{"line":33,"column":55}},{"start":{},"end":{}}],"line":33},"3":{"loc":{"start":{"line":41,"column":4},"end":{"line":41,"column":25}},"type":"if","locations":[{"start":{"line":41,"column":4},"end":{"line":41,"column":25}},{"start":{},"end":{}}],"line":41},"4":{"loc":{"start":{"line":43,"column":4},"end":{"line":43,"column":49}},"type":"if","locations":[{"start":{"line":43,"column":4},"end":{"line":43,"column":49}},{"start":{},"end":{}}],"line":43},"5":{"loc":{"start":{"line":44,"column":4},"end":{"line":44,"column":55}},"type":"if","locations":[{"start":{"line":44,"column":4},"end":{"line":44,"column":55}},{"start":{},"end":{}}],"line":44},"6":{"loc":{"start":{"line":53,"column":4},"end":{"line":87,"column":5}},"type":"if","locations":[{"start":{"line":53,"column":4},"end":{"line":87,"column":5}},{"start":{"line":63,"column":11},"end":{"line":87,"column":5}}],"line":53},"7":{"loc":{"start":{"line":53,"column":8},"end":{"line":53,"column":29}},"type":"binary-expr","locations":[{"start":{"line":53,"column":8},"end":{"line":53,"column":11}},{"start":{"line":53,"column":15},"end":{"line":53,"column":29}}],"line":53},"8":{"loc":{"start":{"line":64,"column":6},"end":{"line":74,"column":7}},"type":"if","locations":[{"start":{"line":64,"column":6},"end":{"line":74,"column":7}},{"start":{},"end":{}}],"line":64},"9":{"loc":{"start":{"line":64,"column":10},"end":{"line":64,"column":33}},"type":"binary-expr","locations":[{"start":{"line":64,"column":10},"end":{"line":64,"column":14}},{"start":{"line":64,"column":18},"end":{"line":64,"column":33}}],"line":64},"10":{"loc":{"start":{"line":76,"column":6},"end":{"line":86,"column":7}},"type":"if","locations":[{"start":{"line":76,"column":6},"end":{"line":86,"column":7}},{"start":{},"end":{}}],"line":76},"11":{"loc":{"start":{"line":76,"column":10},"end":{"line":76,"column":33}},"type":"binary-expr","locations":[{"start":{"line":76,"column":10},"end":{"line":76,"column":14}},{"start":{"line":76,"column":18},"end":{"line":76,"column":33}}],"line":76},"12":{"loc":{"start":{"line":95,"column":4},"end":{"line":95,"column":29}},"type":"if","locations":[{"start":{"line":95,"column":4},"end":{"line":95,"column":29}},{"start":{},"end":{}}],"line":95},"13":{"loc":{"start":{"line":111,"column":4},"end":{"line":111,"column":29}},"type":"if","locations":[{"start":{"line":111,"column":4},"end":{"line":111,"column":29}},{"start":{},"end":{}}],"line":111},"14":{"loc":{"start":{"line":126,"column":4},"end":{"l
[...]
works/trove/trove_home/trove_home_frontend/src/contexts/LanguageContext.context.tsx": {"path":"/home/vutrongan/desktop/works/trove/trove_home/trove_home_frontend/src/contexts/LanguageContext.context.tsx","statementMap":{"0":{"start":{"line":11,"column":24},"end":{"line":11,"column":81}},"1":{"start":{"line":13,"column":73},"end":{"line":34,"column":1}},"2":{"start":{"line":14,"column":19},"end":{"line":14,"column":35}},"3":{"start":{"line":16,"column":22},"end":{"line":18,"column":3}},"4":{"start":{"line":17,"column":4},"end":{"line":17,"column":30}},"5":{"start":{"line":21,"column":19},"end":{"line":21,"column":44}},"6":{"start":{"line":24,"column":2},"end":{"line":27,"column":13}},"7":{"start":{"line":29,"column":2},"end":{"line":33,"column":4}},"8":{"start":{"line":36,"column":27},"end":{"line":42,"column":1}},"9":{"start":{"line":37,"column":18},"end":{"line":37,"column":45}},"10":{"start":{"line":38,"column":2},"end":{"line":40,"column":3}},"11":{"start":{"line":39,"column":4},"end":{"line":39,"column":74}},"12":{"start":{"line":41,"column":2},"end":{"line":41,"column":17}}},"fnMap":{"0":{"name":"(anonymous_0)","decl":{"start":{"line":13,"column":73},"end":{"line":13,"column":74}},"loc":{"start":{"line":13,"column":91},"end":{"line":34,"column":1}},"line":13},"1":{"name":"(anonymous_1)","decl":{"start":{"line":16,"column":22},"end":{"line":16,"column":23}},"loc":{"start":{"line":16,"column":42},"end":{"line":18,"column":3}},"line":16},"2":{"name":"(anonymous_2)","decl":{"start":{"line":24,"column":12},"end":{"line":24,"column":13}},"loc":{"start":{"line":24,"column":18},"end":{"line":27,"column":3}},"line":24},"3":{"name":"(anonymous_3)","decl":{"start":{"line":36,"column":27},"end":{"line":36,"column":28}},"loc":{"start":{"line":36,"column":54},"end":{"line":42,"column":1}},"line":36}},"branchMap":{"0":{"loc":{"start":{"line":38,"column":2},"end":{"line":40,"column":3}},"type":"if","locations":[{"start":{"line":38,"column":2},"end":{"line":40,"column":3}},{"start":{},"end":{}}],"line":38}},"s":{"0":0,"1":0,"2":0,"3":0,"4":0,"5":0,"6":0,"7":0,"8":0,"9":0,"10":0,"11":0,"12":0},"f":{"0":0,"1":0,"2":0,"3":0},"b":{"0":[0,0]}}
,"/home/vutrongan/desktop/works/trove/trove_home/trove_home_frontend/src/i18n/TranslationUtils.utils.ts": {"path":"/home/vutrongan/desktop/works/trove/trove_home/trove_home_frontend/src/i18n/TranslationUtils.utils.ts","statementMap":{"0":{"start":{"line":5,"column":33},"end":{"line":7,"column":1}},"1":{"start":{"line":6,"column":2},"end":{"line":6,"column":26}},"2":{"start":{"line":10,"column":30},"end":{"line":24,"column":1}},"3":{"start":{"line":11,"column":2},"end":{"line":23,"column":3}},"4":{"start":{"line":13,"column":24},"end":{"line":17,"column":5}},"5":{"start":{"line":19,"column":4},"end":{"line":19,"column":30}},"6":{"start":{"line":21,"column":4},"end":{"line":21,"column":62}},"7":{"start":{"line":22,"column":4},"end":{"line":22,"column":15}},"8":{"start":{"line":27,"column":30},"end":{"line":33,"column":1}},"9":{"start":{"line":28,"column":2},"end":{"line":32,"column":11}},"10":{"start":{"line":30,"column":20},"end":{"line":30,"column":53}},"11":{"start":{"line":31,"column":4},"end":{"line":31,"column":50}},"12":{"start":{"line":36,"column":38},"end":{"line":39,"column":1}},"13":{"start":{"line":37,"column":22},"end":{"line":37,"column":41}},"14":{"start":{"line":38,"column":2},"end":{"line":38,"column":43}},"15":{"start":{"line":42,"column":25},"end":{"line":45,"column":1}},"16":{"start":{"line":43,"column":21},"end":{"line":43,"column":40}},"17":{"start":{"line":44,"column":2},"end":{"line":44,"column":70}},"18":{"start":{"line":48,"column":34},"end":{"line":50,"column":1}},"19":{"start":{"line":49,"column":2},"end":{"line":49,"column":26}},"20":{"start":{"line":53,"column":30},"end":{"line":55,"column":1}},"21":{"start":{"line":54,"column":2},"end":{"line":54,"column":35}},"22":{"start":{"line":58,"column":21},"end":{"line":62,"column":1}},"23":{"start":{"line":60,"column":33},"end":{"line":60,"column":35}},"24":{"start":{"line":61,"column":2},"end":{"line":61,"column":49}}},"fnMap":{"0":{"name":"(anonymous_0)","decl":{"start":{"line":5,"column":33},"end":{"line":5,"column":34}},"loc":{"start":{"line":5,"column":39},"end":{"line":7,"column":1}},"line":5},"1":{"name":"(anonymous_1)","decl":{"start":{"line":10,"column":30},"end":{"line":10,"column":31}},"loc":{"start":{"line":10,"column":55},"end":{"line":24,"column":1}},"line":10},"2":{"name":"(anonymous_2)","decl":{"start":{"line":27,"column":30},"end":{"line":27,"column":31}},"loc":{"start":{"line":27,"column":83},"end":{"line":33,"column":1}},"line":27},"3":{"name":"(anonymous_3)","decl":{"start":{"line":28,"column":37},"end":{"line":28,"column":38}},"loc":{"start":{"line":28,"column":67},"end":{"line":32,"column":3}},"line":28},"4":{"name":"(anonymous_4)","decl":{"start":{"line":36,"column":38},"end":{"line":36,"column":39}},"loc":{"start":{"line":36,"column":90},"end":{"line":39,"column":1}},"line":36},"5":{"name":"(anonymous_5)","decl":{"start":{"line":42,"column":25},"end":{"line":42,"column":26}},"loc":{"start":{"line":42,"column":72},"end":{"line":45,"column":1}},"line":42},"6":{"name":"(anonymous_6)","decl":{"start":{"line":48,"column":34},"end":{"line":48,"column":35}},"loc":{"start":{"line":48,"column":48},"end":{"line":50,"column":1}},"line":48},"7":{"name":"(anonymous_7)","decl":{"start":{"line":53,"column":30},"end":{"line":53,"column":31}},"loc":{"start":{"line":53,"column":58},"end":{"line":55,"column":1}},"line":53},"8":{"name":"(anonymous_8)","decl":{"start":{"line":58,"column":21},"end":{"line":58,"column":22}},"loc":{"start":{"line":58,"column":36},"end":{"line":62,"column":1}},"line":58}},"branchMap":{"0":{"loc":{"start":{"line":19,"column":11},"end":{"line":19,"column":29}},"type":"binary-expr","locations":[{"start":{"line":19,"column":11},"end":{"line":19,"column":22}},{"start":{"line":19,"column":26},"end":{"line":19,"column":29}}],"line":19},"1":{"loc":{"start":{"line":44,"column":9},"end":{"line":44,"column":69}},"type":"cond-expr","locations":[{"start":{"line":44,"column":44},"end":{"line":44,"column":54}},{"start":{"line":44,"column":57},"end":{"line":44,"column":69}}],"line":44},"2":{"loc":{"start":{"line":44,"column":9},"end":{"line":44,"column":41}},"type":"binary-expr","locations":[{"start":{"line":44,"column":9},"end":{"line":44,"column":19}},{"start":{"line":44,"column":23},"end":{"line":44,"column":41}}],"line":44}},"s":{"0":3,"1":0,"2":3,"3":22,"4":22,"5":0,"6":22,"7":22,"8":3,"9":0,"10":0,"11":0,"12":3,"13":0,"14":0,"15":3,"16":22,"17":22,"18":3,"19":0,"20":3,"21":0,"22":3,"23":0,"24":0},"f":{"0":0,"1":22,"2":0,"3":0,"4":0,"5":22,"6":0,"7":0,"8":0},"b":{"0":[0,0],"1":[0,22],"2":[22,22]},"_coverageSchema":"1a1c01bbd47fc00a2c39e90264f33305004495a9","hash":"c4e9ee436c3d662b060e5f63e099d4ef827f3fa8"}
,"/home/vutrongan/desktop/works/trove/trove_home/trove_home_frontend/src/i18n/i18n.config.ts": {"path":"/home/vutrongan/desktop/works/trove/trove_home/trove_home_frontend/src/i18n/i18n.config.ts","statementMap":{"0":{"start":{"line":6,"column":0},"end":{"line":31,"column":5}}},"fnMap":{},"branchMap":{},"s":{"0":0},"f":{},"b":{}}
,"/home/vutrongan/desktop/works/trove/trove_home/trove_home_frontend/src/layouts/MainLayout.layout.tsx": {"path":"/home/vutrongan/desktop/works/trove/trove_home/trove_home_frontend/src/layouts/MainLayout.layout.tsx","statementMap":{"0":{"start":{"line":7,"column":29},"end":{"line":19,"column":1}},"1":{"start":{"line":8,"column":2},"end":{"line":18,"column":4}}},"fnMap":{"0":{"name":"(anonymous_0)","decl":{"start":{"line":7,"column":29},"end":{"line":7,"column":30}},"loc":{"start":{"line":7,"column":35},"end":{"line":19,"column":1}},"line":7}},"branchMap":{},"s":{"0":0,"1":0},"f":{"0":0},"b":{}}
,"/home/vutrongan/desktop/works/trove/trove_home/trove_home_frontend/src/pages/About.page.tsx": {"path":"/home/vutrongan/desktop/works/trove/trove_home/trove_home_frontend/src/pages/About.page.tsx","statementMap":{"0":{"start":{"line":5,"column":28},"end":{"line":31,"column":1}},"1":{"start":{"line":6,"column":16},"end":{"line":6,"column":32}},"2":{"start":{"line":8,"column":2},"end":{"line":30,"column":4}}},"fnMap":{"0":{"name":"(anonymous_0)","decl":{"start":{"line":5,"column":28},"end":{"line":5,"column":29}},"loc":{"start":{"line":5,"column":34},"end":{"line":31,"column":1}},"line":5}},"branchMap":{},"s":{"0":0,"1":0,"2":0},"f":{"0":0},"b":{}}
,"/home/vutrongan/desktop/works/trove/trove_home/trove_home_frontend/src/pages/ComponentTestPage.page.tsx": {"path":"/home/vutrongan/desktop/works/trove/trove_home/trove_home_frontend/src/pages/ComponentTestPage.page.tsx","statementMap":{"0":{"start":{"line":41,"column":4},"end":{"line":41,"column":17}},"1":{"start":{"line":42,"column":4},"end":{"line":51,"column":6}},"2":{"start":{"line":54,"column":30},"end":{"line":56,"column":3}},"3":{"start":{"line":55,"column":4},"end":{"line":55,"column":54}},"4":{"start":{"line":58,"column":29},"end":{"line":61,"column":3}},"5":{"start":{"line":59,"column":4},"end":{"line":59,"column":27}},"6":{"start":{"line":60,"column":4},"end":{"line":60,"column":63}},"7":{"start":{"line":63,"column":28},"end":{"line":65,"column":3}},"8":{"start":{"line":64,"column":4},"end":{"line":64,"column":41}},"9":{"start":{"line":67,"column":29},"end":{"line":69,"column":3}},"10":{"start":{"line":68,"column":4},"end":{"line":68,"column":42}},"11":{"start":{"line":71,"column":32},"end":{"line":73,"column":3}},"12":{"start":{"line":72,"column":4},"end":{"line":72,"column":46}},"13":{"start":{"line":76,"column":4},"end":{"line":93,"column":6}},"14":{"start":{"line":97,"column":4},"end":{"line":135,"column":6}},"15":{"start":{"line":139,"column":4},"end":{"line":156,"column":6}},"16":{"start":{"line":160,"column":4},"end":{"line":190,"column":6}},"17":{"start":{"line":194,"column":4},"end":{"line":228,"column":6}},"18":{"start":{"line":232,"column":4},"end":{"line":281,"column":6}},"19":{"start":{"line":257,"column":31},"end":{"line":257,"column":64}},"20":{"start":{"line":265,"column":31},"end":{"line":265,"column":64}},"21":{"start":{"line":273,"column":31},"end":{"line":273,"column":64}},"22":{"start":{"line":285,"column":4},"end":{"line":322,"column":6}},"23":{"start":{"line":302,"column":14},"end":{"line":317,"column":25}},"24":{"start":{"line":326,"column":4},"end":{"line":360,"column":6}},"25":{"start":{"line":364,"column":4},"end":{"line":398,"column":6}},"26":{"start":{"line":402,"column":4},"end":{"line":437,"column":6}}},"fnMap":{"0":{"name":"(anonymous_0)","decl":{"start":{"line":40,"column":2},"end":{"line":40,"column":3}},"loc":{"start":{"line":40,"column":25},"end":{"line":52,"column":3}},"line":40},"1":{"name":"(anonymous_1)","decl":{"start":{"line":54,"column":30},"end":{"line":54,"column":31}},"loc":{"start":{"line":54,"column":84},"end":{"line":56,"column":3}},"line":54},"2":{"name":"(anonymous_2)","decl":{"start":{"line":58,"column":29},"end":{"line":58,"column":30}},"loc":{"start":{"line":58,"column":80},"end":{"line":61,"column":3}},"line":58},"3":{"name":"(anonymous_3)","decl":{"start":{"line":63,"column":28},"end":{"line":63,"column":29}},"loc":{"start":{"line":63,"column":40},"end":{"line":65,"column":3}},"line":63},"4":{"name":"(anonymous_4)","decl":{"start":{"line":67,"column":29},"end":{"line":67,"column":30}},"loc":{"start":{"line":67,"column":41},"end":{"line":69,"column":3}},"line":67},"5":{"name":"(anonymous_5)","decl":{"start":{"line":71,"column":32},"end":{"line":71,"column":33}},"loc":{"start":{"line":71,"column":56},"end":{"line":73,"column":3}},"line":71},"6":{"name":"(anonymous_6)","decl":{"start":{"line":75,"column":2},"end":{"line":75,"column":3}},"loc":{"start":{"line":75,"column":50},"end":{"line":94,"column":3}},"line":75},"7":{"name":"(anonymous_7)","decl":{"start":{"line":96,"column":2},"end":{"line":96,"column":3}},"loc":{"start":{"line":96,"column":49},"end":{"line":136,"column":3}},"line":96},"8":{"name":"(anonymous_8)","decl":{"start":{"line":138,"column":2},"end":{"line":138,"column":3}},"loc":{"start":{"line":138,"column":47},"end":{"line":157,"column":3}},"line":138},"9":{"name":"(anonymous_9)","decl":{"start":{"line":159,"column":2},"end":{"line":159,"column":3}},"loc":{"start":{"line":159,"column":48},"end":{"line":191,"column":3}},"line":159},"10":{"name":"(anonymous_10)","decl":{"start":{"line":193,"column":2},"end":{"line":193,"column":3}},"loc":{"start":{"line":193,"column":49},"end":{"line":229,"column":3}},"line":193},"11":{"name":"(anonymous_11)","decl":{"start":{"line":231,"column":2},"end":{"line":231,"column":3}},"loc":{"start":{"line":231,"column":47},"end":{"line":282,"column":3}},"line":231},"12":{"name":"(anonymous_12)","decl":{"start":{"line":257,"column":25},"end":{"line":257,"column":26}},"loc":{"start":{"line":257,"column":31},"end":{"line":257,"column":64}},"line":257},"13":{"name":"(anonymous_13)","decl":{"start":{"line":265,"column":25},"end":{"line":265,"column":26}},"loc":{"start":{"line":265,"column":31},"end":{"line":265,"column":64}},"line":265},"14":{"name":"(anonymous_14)","decl":{"start":{"line":273,"column":25},"end":{"line":273,"column":26}},"loc":{"start":{"line":273,"column":31},"end":{"line":273,"column":64}},"line":273},"15":{"name":"(anonymous_15)","decl":{"start":{"line":284,"column":2},"end":{"line":284,"column":3}},"loc":{"start":{"line":284,"column":48},"end":{"line":323,"column":3}},"line":284},"16":{"name":"(anonymous_16)","decl":{"start":{"line":301,"column":38},"end":{"line":301,"column":39}},"loc":{"start":{"line":302,"column":14},"end":{"line":317,"column":25}},"line":302},"17":{"name":"(anonymous_17)","decl":{"start":{"line":325,"column":2},"end":{"line":325,"column":3}},"loc":{"start":{"line":325,"column":47},"end":{"line":361,"column":3}},"line":325},"18":{"name":"(anonymous_18)","decl":{"start":{"line":363,"column":2},"end":{"line":363,"column":3}},"loc":{"start":{"line":363,"column":48},"end":{"line":399,"column":3}},"line":363},"19":{"name":"(anonymous_19)","decl":{"start":{"line":401,"column":2},"end":{"line":401,"column":3}},"loc":{"start":{"line":401,"column":28},"end":{"line":438,"column":3}},"line":401}},"branchMap":{"0":{"loc":{"start":{"line":311,"column":27},"end":{"line":311,"column":74}},"type":"cond-expr","locations":[{"start":{"line":311,"column":53},"end":{"line":311,"column":62}},{"start":{"line":311,"column":65},"end":{"line":311,"column":74}}],"line":311}},"s":{"0":0,"1":0,"2":0,"3":0,"4":0,"5":0,"6":0,"7":0,"8":0,"9":0,"10":0,"11":0,"12":0,"13":0,"14":0,"15":0,"16":0,"17":0,"18":0,"19":0,"20":0,"21":0,"22":0,"23":0,"24":0,"25":0,"26":0},"f":{"0":0,"1":0,"2":0,"3":0,"4":0,"5":0,"6":0,"7":0,"8":0,"9":0,"10":0,"11":0,"12":0,"13":0,"14":0,"15":0,"16":0,"17":0,"18":0,"19":0},"b":{"0":[0,0]}}
,"/home/vutrongan/desktop/works/trove/trove_home/trove_home_frontend/src/pages/Home.page.tsx": {"path":"/home/vutrongan/desktop/works/trove/trove_home/trove_home_frontend/src/pages/Home.page.tsx","statementMap":{"0":{"start":{"line":4,"column":27},"end":{"line":17,"column":1}},"1":{"start":{"line":5,"column":16},"end":{"line":5,"column":32}},"2":{"start":{"line":7,"column":2},"end":{"line":16,"column":4}}},"fnMap":{"0":{"name":"(anonymous_0)","decl":{"start":{"line":4,"column":27},"end":{"line":4,"column":28}},"loc":{"start":{"line":4,"column":33},"end":{"line":17,"column":1}},"line":4}},"branchMap":{},"s":{"0":0,"1":0,"2":0},"f":{"0":0},"b":{}}
,"/home/vutrongan/desktop/works/trove/trove_home/trove_home_frontend/src/pages/NotFound.page.tsx": {"path":"/home/vutrongan/desktop/works/trove/trove_home/trove_home_frontend/src/pages/NotFound.page.tsx","statementMap":{"0":{"start":{"line":6,"column":31},"end":{"line":25,"column":1}},"1":{"start":{"line":7,"column":23},"end":{"line":7,"column":36}},"2":{"start":{"line":9,"column":2},"end":{"line":24,"column":4}}},"fnMap":{"0":{"name":"(anonymous_0)","decl":{"start":{"line":6,"column":31},"end":{"line":6,"column":32}},"loc":{"start":{"line":6,"column":37},"end":{"line":25,"column":1}},"line":6}},"branchMap":{"0":{"loc":{"start":{"line":13,"column":9},"end":{"line":15,"column":34}},"type":"cond-expr","locations":[{"start":{"line":14,"column":12},"end":{"line":14,"column":28}},{"start":{"line":15,"column":12},"end":{"line":15,"column":34}}],"line":13},"1":{"loc":{"start":{"line":21,"column":9},"end":{"line":21,"column":65}},"type":"cond-expr","locations":[{"start":{"line":21,"column":29},"end":{"line":21,"column":43}},{"start":{"line":21,"column":46},"end":{"line":21,"column":65}}],"line":21}},"s":{"0":0,"1":0,"2":0},"f":{"0":0},"b":{"0":[0,0],"1":[0,0]}}
,"/home/vutrongan/desktop/works/trove/trove_home/trove_home_frontend/src/routes/AppRoutes.route.tsx": {"path":"/home/vutrongan/desktop/works/trove/trove_home/trove_home_frontend/src/routes/AppRoutes.route.tsx","statementMap":{"0":{"start":{"line":10,"column":17},"end":{"line":10,"column":80}},"1":{"start":{"line":10,"column":32},"end":{"line":10,"column":60}},"2":{"start":{"line":11,"column":26},"end":{"line":11,"column":108}},"3":{"start":{"line":11,"column":41},"end":{"line":11,"column":82}},"4":{"start":{"line":12,"column":21},"end":{"line":12,"column":83}},"5":{"start":{"line":12,"column":36},"end":{"line":12,"column":68}},"6":{"start":{"line":14,"column":28},"end":{"line":24,"column":1}},"7":{"start":{"line":15,"column":2},"end":{"line":23,"column":4}}},"fnMap":{"0":{"name":"(anonymous_0)","decl":{"start":{"line":10,"column":26},"end":{"line":10,"column":27}},"loc":{"start":{"line":10,"column":32},"end":{"line":10,"column":60}},"line":10},"1":{"name":"(anonymous_1)","decl":{"start":{"line":11,"column":35},"end":{"line":11,"column":36}},"loc":{"start":{"line":11,"column":41},"end":{"line":11,"column":82}},"line":11},"2":{"name":"(anonymous_2)","decl":{"start":{"line":12,"column":30},"end":{"line":12,"column":31}},"loc":{"start":{"line":12,"column":36},"end":{"line":12,"column":68}},"line":12},"3":{"name":"(anonymous_3)","decl":{"start":{"line":14,"column":28},"end":{"line":14,"column":29}},"loc":{"start":{"line":14,"column":34},"end":{"line":24,"column":1}},"line":14}},"branchMap":{},"s":{"0":0,"1":0,"2":0,"3":0,"4":0,"5":0,"6":0,"7":0},"f":{"0":0,"1":0,"2":0,"3":0},"b":{}}
,"/home/vutrongan/desktop/works/trove/trove_home/trove_home_frontend/src/routes/RouteConfig.route.ts": {"path":"/home/vutrongan/desktop/works/trove/trove_home/trove_home_frontend/src/routes/RouteConfig.route.ts","statementMap":{"0":{"start":{"line":10,"column":69},"end":{"line":28,"column":1}}},"fnMap":{},"branchMap":{},"s":{"0":0},"f":{},"b":{}}
,"/home/vutrongan/desktop/works/trove/trove_home/trove_home_frontend/src/utils/LazyLoad.util.tsx": {"path":"/home/vutrongan/desktop/works/trove/trove_home/trove_home_frontend/src/utils/LazyLoad.util.tsx","statementMap":{"0":{"start":{"line":7,"column":44},"end":{"line":11,"column":1}},"1":{"start":{"line":8,"column":2},"end":{"line":10,"column":8}},"2":{"start":{"line":13,"column":24},"end":{"line":24,"column":1}},"3":{"start":{"line":17,"column":24},"end":{"line":17,"column":40}},"4":{"start":{"line":19,"column":2},"end":{"line":23,"column":4}},"5":{"start":{"line":20,"column":4},"end":{"line":22,"column":15}}},"fnMap":{"0":{"name":"(anonymous_0)","decl":{"start":{"line":7,"column":44},"end":{"line":7,"column":45}},"loc":{"start":{"line":8,"column":2},"end":{"line":10,"column":8}},"line":8},"1":{"name":"(anonymous_1)","decl":{"start":{"line":13,"column":24},"end":{"line":13,"column":25}},"loc":{"start":{"line":16,"column":15},"end":{"line":24,"column":1}},"line":16},"2":{"name":"(anonymous_2)","decl":{"start":{"line":19,"column":9},"end":{"line":19,"column":10}},"loc":{"start":{"line":20,"column":4},"end":{"line":22,"column":15}},"line":20}},"branchMap":{"0":{"loc":{"start":{"line":7,"column":47},"end":{"line":7,"column":69}},"type":"default-arg","locations":[{"start":{"line":7,"column":57},"end":{"line":7,"column":69}}],"line":7}},"s":{"0":0,"1":0,"2":0,"3":0,"4":0,"5":0},"f":{"0":0,"1":0,"2":0},"b":{"0":[0]}}
}
