TN:
SF:src/App.tsx
FN:7,App
FNF:1
FNH:0
FNDA:0,App
DA:8,0
LF:1
LH:0
BRF:0
BRH:0
end_of_record
TN:
SF:src/index.tsx
FNF:0
FNH:0
DA:8,0
DA:9,0
LF:2
LH:0
BRF:0
BRH:0
end_of_record
TN:
SF:src/apollo/client.apollo.ts
FNF:0
FNH:0
DA:3,0
DA:7,0
LF:2
LH:0
BRF:0
BRH:0
end_of_record
TN:
SF:src/components/language/LanguageSwitcher.component.tsx
FN:4,(anonymous_0)
FN:7,(anonymous_1)
FN:21,(anonymous_2)
FN:31,(anonymous_3)
FNF:4
FNH:0
FNDA:0,(anonymous_0)
FNDA:0,(anonymous_1)
FNDA:0,(anonymous_2)
FNDA:0,(anonymous_3)
DA:4,0
DA:5,0
DA:7,0
DA:8,0
DA:11,0
DA:21,0
DA:31,0
LF:7
LH:0
BRDA:17,0,0,0
BRDA:17,0,1,0
BRDA:27,1,0,0
BRDA:27,1,1,0
BRF:4
BRH:0
end_of_record
TN:
SF:src/components/navigation.components/Footer.component.tsx
FN:6,(anonymous_0)
FN:11,(anonymous_1)
FN:31,(anonymous_2)
FNF:3
FNH:0
FNDA:0,(anonymous_0)
FNDA:0,(anonymous_1)
FNDA:0,(anonymous_2)
DA:6,0
DA:7,0
DA:8,0
DA:11,0
DA:13,0
DA:32,0
LF:6
LH:0
BRF:0
BRH:0
end_of_record
TN:
SF:src/components/navigation.components/Header.component.tsx
FN:9,(anonymous_0)
FN:31,(anonymous_1)
FN:48,(anonymous_2)
FNF:3
FNH:0
FNDA:0,(anonymous_0)
FNDA:0,(anonymous_1)
FNDA:0,(anonymous_2)
DA:9,0
DA:10,0
DA:11,0
DA:13,0
DA:31,0
DA:48,0
LF:6
LH:0
BRDA:35,0,0,0
BRDA:35,0,1,0
BRDA:46,1,0,0
BRDA:46,1,1,0
BRF:4
BRH:0
end_of_record
TN:
SF:src/components/navigation.components/LanguageSwitcher.component.tsx
FN:5,(anonymous_0)
FN:12,(anonymous_1)
FN:23,(anonymous_2)
FNF:3
FNH:0
FNDA:0,(anonymous_0)
FNDA:0,(anonymous_1)
FNDA:0,(anonymous_2)
DA:5,0
DA:6,0
DA:7,0
DA:9,0
DA:12,0
DA:23,0
LF:6
LH:0
BRDA:14,0,0,0
BRDA:14,0,1,0
BRDA:25,1,0,0
BRDA:25,1,1,0
BRF:4
BRH:0
end_of_record
TN:
SF:src/components/navigation.components/NavigationMenu.component.tsx
FN:11,(anonymous_0)
FN:15,(anonymous_1)
FN:19,(anonymous_2)
FN:23,(anonymous_3)
FNF:4
FNH:0
FNDA:0,(anonymous_0)
FNDA:0,(anonymous_1)
FNDA:0,(anonymous_2)
FNDA:0,(anonymous_3)
DA:11,0
DA:12,0
DA:15,0
DA:17,0
DA:20,0
DA:24,0
LF:6
LH:0
BRDA:11,0,0,0
BRDA:18,1,0,0
BRDA:18,1,1,0
BRDA:25,2,0,0
BRDA:25,2,1,0
BRDA:32,3,0,0
BRDA:32,3,1,0
BRF:7
BRH:0
end_of_record
TN:
SF:src/components/ui.components/Box.component.tsx
FN:45,(anonymous_0)
FN:52,(anonymous_1)
FN:71,(anonymous_2)
FN:87,(anonymous_3)
FN:102,(anonymous_4)
FN:191,(anonymous_5)
FN:197,(anonymous_6)
FNF:7
FNH:0
FNDA:0,(anonymous_0)
FNDA:0,(anonymous_1)
FNDA:0,(anonymous_2)
FNDA:0,(anonymous_3)
FNDA:0,(anonymous_4)
FNDA:0,(anonymous_5)
FNDA:0,(anonymous_6)
DA:46,0
DA:47,0
DA:49,0
DA:53,0
DA:55,0
DA:57,0
DA:68,0
DA:72,0
DA:74,0
DA:76,0
DA:84,0
DA:88,0
DA:90,0
DA:92,0
DA:99,0
DA:133,0
DA:135,0
DA:138,0
DA:139,0
DA:140,0
DA:141,0
DA:142,0
DA:143,0
DA:146,0
DA:147,0
DA:148,0
DA:149,0
DA:150,0
DA:151,0
DA:152,0
DA:153,0
DA:155,0
DA:156,0
DA:157,0
DA:161,0
DA:162,0
DA:163,0
DA:164,0
DA:165,0
DA:166,0
DA:167,0
DA:168,0
DA:170,0
DA:171,0
DA:172,0
DA:176,0
DA:177,0
DA:178,0
DA:179,0
DA:182,0
DA:183,0
DA:184,0
DA:185,0
DA:186,0
DA:188,0
DA:191,0
DA:192,0
DA:193,0
DA:205,0
DA:207,0
DA:208,0
DA:209,0
DA:210,0
DA:212,0
DA:214,0
LF:65
LH:0
BRDA:46,0,0,0
BRDA:46,0,1,0
BRDA:55,1,0,0
BRDA:55,1,1,0
BRDA:74,2,0,0
BRDA:74,2,1,0
BRDA:74,3,0,0
BRDA:74,3,1,0
BRDA:90,4,0,0
BRDA:90,4,1,0
BRDA:90,5,0,0
BRDA:90,5,1,0
BRDA:138,6,0,0
BRDA:138,6,1,0
BRDA:139,7,0,0
BRDA:139,7,1,0
BRDA:140,8,0,0
BRDA:140,8,1,0
BRDA:141,9,0,0
BRDA:141,9,1,0
BRDA:142,10,0,0
BRDA:142,10,1,0
BRDA:143,11,0,0
BRDA:143,11,1,0
BRDA:146,12,0,0
BRDA:146,12,1,0
BRDA:147,13,0,0
BRDA:147,13,1,0
BRDA:148,14,0,0
BRDA:148,14,1,0
BRDA:149,15,0,0
BRDA:149,15,1,0
BRDA:150,16,0,0
BRDA:150,16,1,0
BRDA:151,17,0,0
BRDA:151,17,1,0
BRDA:155,18,0,0
BRDA:155,18,1,0
BRDA:161,19,0,0
BRDA:161,19,1,0
BRDA:162,20,0,0
BRDA:162,20,1,0
BRDA:163,21,0,0
BRDA:163,21,1,0
BRDA:164,22,0,0
BRDA:164,22,1,0
BRDA:165,23,0,0
BRDA:165,23,1,0
BRDA:166,24,0,0
BRDA:166,24,1,0
BRDA:170,25,0,0
BRDA:170,25,1,0
BRDA:176,26,0,0
BRDA:176,26,1,0
BRDA:177,27,0,0
BRDA:177,27,1,0
BRDA:178,28,0,0
BRDA:178,28,1,0
BRDA:179,29,0,0
BRDA:179,29,1,0
BRDA:182,30,0,0
BRDA:182,30,1,0
BRDA:183,31,0,0
BRDA:183,31,1,0
BRDA:184,32,0,0
BRDA:184,32,1,0
BRDA:185,33,0,0
BRDA:185,33,1,0
BRDA:186,34,0,0
BRDA:186,34,1,0
BRDA:192,35,0,0
BRDA:192,35,1,0
BRDA:200,36,0,0
BRDA:201,37,0,0
BRDA:220,38,0,0
BRDA:220,38,1,0
BRF:76
BRH:0
end_of_record
TN:
SF:src/components/ui.components/Button.component.tsx
FN:17,(anonymous_0)
FN:31,(anonymous_1)
FN:44,(anonymous_2)
FN:48,(anonymous_3)
FN:56,(anonymous_4)
FNF:5
FNH:5
FNDA:24,(anonymous_0)
FNDA:24,(anonymous_1)
FNDA:24,(anonymous_2)
FNDA:2,(anonymous_3)
FNDA:24,(anonymous_4)
DA:18,24
DA:20,24
DA:28,24
DA:32,24
DA:34,24
DA:41,24
DA:45,24
DA:48,24
DA:49,2
DA:51,2
DA:52,2
DA:64,24
DA:66,24
DA:67,24
DA:68,24
DA:69,24
DA:71,24
DA:73,24
LF:18
LH:18
BRDA:18,0,0,19
BRDA:32,1,0,20
BRDA:45,2,0,2
BRDA:45,2,1,22
BRDA:51,3,0,2
BRDA:51,3,1,0
BRDA:51,4,0,2
BRDA:51,4,1,2
BRDA:51,4,2,2
BRDA:59,5,0,22
BRDA:60,6,0,22
BRDA:61,7,0,22
BRDA:62,8,0,22
BRDA:76,9,0,24
BRDA:76,9,1,22
BRDA:81,10,0,2
BRDA:81,10,1,22
BRF:17
BRH:16
end_of_record
TN:
SF:src/components/ui.components/Card.component.tsx
FN:25,(anonymous_0)
FN:32,(anonymous_1)
FN:45,(anonymous_2)
FN:58,(anonymous_3)
FN:75,(anonymous_4)
FN:106,(anonymous_5)
FN:120,(anonymous_6)
FN:135,(anonymous_7)
FN:141,(anonymous_8)
FN:148,(anonymous_9)
FN:155,(anonymous_10)
FNF:11
FNH:0
FNDA:0,(anonymous_0)
FNDA:0,(anonymous_1)
FNDA:0,(anonymous_2)
FNDA:0,(anonymous_3)
FNDA:0,(anonymous_4)
FNDA:0,(anonymous_5)
FNDA:0,(anonymous_6)
FNDA:0,(anonymous_7)
FNDA:0,(anonymous_8)
FNDA:0,(anonymous_9)
FNDA:0,(anonymous_10)
DA:26,0
DA:27,0
DA:33,0
DA:35,0
DA:42,0
DA:46,0
DA:48,0
DA:55,0
DA:59,0
DA:61,0
DA:72,0
DA:76,0
DA:77,0
DA:79,0
DA:88,0
DA:90,0
DA:92,0
DA:100,0
DA:103,0
DA:107,0
DA:109,0
DA:117,0
DA:121,0
DA:122,0
DA:124,0
DA:125,0
DA:128,0
DA:129,0
DA:132,0
DA:135,0
DA:136,0
DA:137,0
DA:141,0
DA:142,0
DA:143,0
DA:144,0
DA:148,0
DA:149,0
DA:150,0
DA:151,0
DA:164,0
DA:166,0
DA:167,0
DA:168,0
DA:169,0
DA:170,0
DA:171,0
DA:173,0
DA:175,0
LF:49
LH:0
BRDA:33,0,0,0
BRDA:46,1,0,0
BRDA:59,2,0,0
BRDA:76,3,0,0
BRDA:90,4,0,0
BRDA:90,4,1,0
BRDA:90,5,0,0
BRDA:90,5,1,0
BRDA:107,6,0,0
BRDA:124,7,0,0
BRDA:124,7,1,0
BRDA:128,8,0,0
BRDA:128,8,1,0
BRDA:136,9,0,0
BRDA:136,9,1,0
BRDA:143,10,0,0
BRDA:143,10,1,0
BRDA:150,11,0,0
BRDA:150,11,1,0
BRDA:160,12,0,0
BRDA:180,13,0,0
BRDA:180,13,1,0
BRDA:181,14,0,0
BRDA:181,14,1,0
BRDA:182,15,0,0
BRDA:182,15,1,0
BRDA:183,16,0,0
BRDA:183,16,1,0
BRDA:184,17,0,0
BRDA:184,17,1,0
BRF:30
BRH:0
end_of_record
TN:
SF:src/components/ui.components/Container.component.tsx
FN:18,(anonymous_0)
FN:40,(anonymous_1)
FN:46,(anonymous_2)
FN:89,(anonymous_3)
FN:95,(anonymous_4)
FNF:5
FNH:0
FNDA:0,(anonymous_0)
FNDA:0,(anonymous_1)
FNDA:0,(anonymous_2)
FNDA:0,(anonymous_3)
FNDA:0,(anonymous_4)
DA:19,0
DA:21,0
DA:37,0
DA:41,0
DA:43,0
DA:47,0
DA:48,0
DA:50,0
DA:51,0
DA:59,0
DA:61,0
DA:62,0
DA:70,0
DA:73,0
DA:74,0
DA:82,0
DA:86,0
DA:89,0
DA:90,0
DA:91,0
DA:103,0
DA:105,0
DA:106,0
DA:107,0
DA:109,0
DA:111,0
LF:26
LH:0
BRDA:19,0,0,0
BRDA:43,1,0,0
BRDA:43,1,1,0
BRDA:50,2,0,0
BRDA:50,2,1,0
BRDA:50,3,0,0
BRDA:50,3,1,0
BRDA:61,4,0,0
BRDA:61,4,1,0
BRDA:61,5,0,0
BRDA:61,5,1,0
BRDA:73,6,0,0
BRDA:73,6,1,0
BRDA:73,7,0,0
BRDA:73,7,1,0
BRDA:90,8,0,0
BRDA:90,8,1,0
BRDA:98,9,0,0
BRDA:99,10,0,0
BRDA:116,11,0,0
BRDA:116,11,1,0
BRF:21
BRH:0
end_of_record
TN:
SF:src/components/ui.components/Flex.component.tsx
FN:22,(anonymous_0)
FN:35,(anonymous_1)
FN:47,(anonymous_2)
FN:64,(anonymous_3)
FN:80,(anonymous_4)
FN:98,(anonymous_5)
FN:116,(anonymous_6)
FN:141,(anonymous_7)
FN:147,(anonymous_8)
FNF:9
FNH:0
FNDA:0,(anonymous_0)
FNDA:0,(anonymous_1)
FNDA:0,(anonymous_2)
FNDA:0,(anonymous_3)
FNDA:0,(anonymous_4)
FNDA:0,(anonymous_5)
FNDA:0,(anonymous_6)
FNDA:0,(anonymous_7)
FNDA:0,(anonymous_8)
DA:23,0
DA:25,0
DA:32,0
DA:36,0
DA:38,0
DA:44,0
DA:48,0
DA:50,0
DA:52,0
DA:61,0
DA:65,0
DA:67,0
DA:69,0
DA:77,0
DA:81,0
DA:83,0
DA:85,0
DA:95,0
DA:99,0
DA:101,0
DA:103,0
DA:113,0
DA:117,0
DA:118,0
DA:120,0
DA:121,0
DA:122,0
DA:123,0
DA:126,0
DA:127,0
DA:128,0
DA:129,0
DA:132,0
DA:133,0
DA:134,0
DA:138,0
DA:141,0
DA:142,0
DA:143,0
DA:155,0
DA:157,0
DA:158,0
DA:159,0
DA:160,0
DA:161,0
DA:162,0
DA:163,0
DA:164,0
DA:166,0
DA:168,0
LF:50
LH:0
BRDA:23,0,0,0
BRDA:36,1,0,0
BRDA:50,2,0,0
BRDA:50,2,1,0
BRDA:67,3,0,0
BRDA:67,3,1,0
BRDA:83,4,0,0
BRDA:83,4,1,0
BRDA:101,5,0,0
BRDA:101,5,1,0
BRDA:101,6,0,0
BRDA:101,6,1,0
BRDA:120,7,0,0
BRDA:120,7,1,0
BRDA:122,8,0,0
BRDA:122,8,1,0
BRDA:126,9,0,0
BRDA:126,9,1,0
BRDA:128,10,0,0
BRDA:128,10,1,0
BRDA:132,11,0,0
BRDA:132,11,1,0
BRDA:133,12,0,0
BRDA:133,12,1,0
BRDA:142,13,0,0
BRDA:142,13,1,0
BRDA:150,14,0,0
BRDA:151,15,0,0
BRDA:173,16,0,0
BRDA:173,16,1,0
BRF:30
BRH:0
end_of_record
TN:
SF:src/components/ui.components/Form.component.tsx
FN:24,(anonymous_0)
FN:32,(anonymous_1)
FN:49,(anonymous_2)
FN:71,(anonymous_3)
FN:81,(anonymous_4)
FN:101,(anonymous_5)
FN:108,(anonymous_6)
FN:116,(anonymous_7)
FN:125,(anonymous_8)
FNF:9
FNH:0
FNDA:0,(anonymous_0)
FNDA:0,(anonymous_1)
FNDA:0,(anonymous_2)
FNDA:0,(anonymous_3)
FNDA:0,(anonymous_4)
FNDA:0,(anonymous_5)
FNDA:0,(anonymous_6)
FNDA:0,(anonymous_7)
FNDA:0,(anonymous_8)
DA:25,0
DA:26,0
DA:33,0
DA:35,0
DA:37,0
DA:46,0
DA:49,0
DA:50,0
DA:53,0
DA:55,0
DA:57,0
DA:58,0
DA:61,0
DA:64,0
DA:65,0
DA:67,0
DA:71,0
DA:72,0
DA:74,0
DA:76,0
DA:77,0
DA:83,0
DA:84,0
DA:86,0
DA:87,0
DA:89,0
DA:90,0
DA:91,0
DA:93,0
DA:94,0
DA:98,0
DA:102,0
DA:103,0
DA:105,0
DA:109,0
DA:110,0
DA:111,0
DA:112,0
DA:117,0
DA:118,0
DA:120,0
DA:123,0
DA:136,0
DA:138,0
DA:139,0
DA:141,0
DA:143,0
LF:47
LH:0
BRDA:33,0,0,0
BRDA:35,1,0,0
BRDA:35,1,1,0
BRDA:55,2,0,0
BRDA:55,2,1,0
BRDA:76,3,0,0
BRDA:76,3,1,0
BRDA:83,4,0,0
BRDA:83,4,1,0
BRDA:84,5,0,0
BRDA:84,5,1,0
BRDA:93,6,0,0
BRDA:93,6,1,0
BRDA:93,7,0,0
BRDA:93,7,1,0
BRDA:93,7,2,0
BRDA:103,8,0,0
BRDA:103,8,1,0
BRDA:110,9,0,0
BRDA:110,9,1,0
BRDA:118,10,0,0
BRDA:118,10,1,0
BRDA:128,11,0,0
BRDA:133,12,0,0
BRF:24
BRH:0
end_of_record
TN:
SF:src/components/ui.components/Grid.component.tsx
FN:27,(anonymous_0)
FN:38,(anonymous_1)
FN:49,(anonymous_2)
FN:92,(anonymous_3)
FN:108,(anonymous_4)
FN:123,(anonymous_5)
FN:138,(anonymous_6)
FN:153,(anonymous_7)
FN:168,(anonymous_8)
FN:186,(anonymous_9)
FN:204,(anonymous_10)
FN:219,(anonymous_11)
FN:237,(anonymous_12)
FN:243,(anonymous_13)
FNF:14
FNH:0
FNDA:0,(anonymous_0)
FNDA:0,(anonymous_1)
FNDA:0,(anonymous_2)
FNDA:0,(anonymous_3)
FNDA:0,(anonymous_4)
FNDA:0,(anonymous_5)
FNDA:0,(anonymous_6)
FNDA:0,(anonymous_7)
FNDA:0,(anonymous_8)
FNDA:0,(anonymous_9)
FNDA:0,(anonymous_10)
FNDA:0,(anonymous_11)
FNDA:0,(anonymous_12)
FNDA:0,(anonymous_13)
DA:28,0
DA:30,0
DA:32,0
DA:33,0
DA:35,0
DA:39,0
DA:41,0
DA:43,0
DA:44,0
DA:46,0
DA:50,0
DA:51,0
DA:53,0
DA:54,0
DA:62,0
DA:64,0
DA:65,0
DA:73,0
DA:76,0
DA:77,0
DA:85,0
DA:89,0
DA:93,0
DA:95,0
DA:97,0
DA:105,0
DA:109,0
DA:111,0
DA:113,0
DA:120,0
DA:124,0
DA:126,0
DA:128,0
DA:135,0
DA:139,0
DA:141,0
DA:143,0
DA:150,0
DA:154,0
DA:156,0
DA:158,0
DA:165,0
DA:169,0
DA:171,0
DA:173,0
DA:183,0
DA:187,0
DA:189,0
DA:191,0
DA:201,0
DA:205,0
DA:207,0
DA:209,0
DA:216,0
DA:220,0
DA:222,0
DA:224,0
DA:234,0
DA:237,0
DA:238,0
DA:239,0
DA:251,0
DA:253,0
DA:254,0
DA:255,0
DA:256,0
DA:257,0
DA:258,0
DA:259,0
DA:260,0
DA:261,0
DA:262,0
DA:263,0
DA:264,0
DA:265,0
DA:267,0
DA:269,0
LF:77
LH:0
BRDA:30,0,0,0
BRDA:30,0,1,0
BRDA:32,1,0,0
BRDA:32,1,1,0
BRDA:33,2,0,0
BRDA:33,2,1,0
BRDA:41,3,0,0
BRDA:41,3,1,0
BRDA:43,4,0,0
BRDA:43,4,1,0
BRDA:44,5,0,0
BRDA:44,5,1,0
BRDA:53,6,0,0
BRDA:53,6,1,0
BRDA:53,7,0,0
BRDA:53,7,1,0
BRDA:64,8,0,0
BRDA:64,8,1,0
BRDA:64,9,0,0
BRDA:64,9,1,0
BRDA:76,10,0,0
BRDA:76,10,1,0
BRDA:76,11,0,0
BRDA:76,11,1,0
BRDA:95,12,0,0
BRDA:95,12,1,0
BRDA:111,13,0,0
BRDA:111,13,1,0
BRDA:126,14,0,0
BRDA:126,14,1,0
BRDA:141,15,0,0
BRDA:141,15,1,0
BRDA:156,16,0,0
BRDA:156,16,1,0
BRDA:171,17,0,0
BRDA:171,17,1,0
BRDA:189,18,0,0
BRDA:189,18,1,0
BRDA:207,19,0,0
BRDA:207,19,1,0
BRDA:222,20,0,0
BRDA:222,20,1,0
BRDA:238,21,0,0
BRDA:238,21,1,0
BRDA:246,22,0,0
BRDA:247,23,0,0
BRDA:274,24,0,0
BRDA:274,24,1,0
BRF:48
BRH:0
end_of_record
TN:
SF:src/components/ui.components/Image.component.tsx
FN:32,(anonymous_0)
FN:42,(anonymous_1)
FN:46,(anonymous_2)
FN:57,(anonymous_3)
FN:64,(anonymous_4)
FN:70,(anonymous_5)
FN:83,(anonymous_6)
FN:99,(anonymous_7)
FN:117,(anonymous_8)
FN:123,(anonymous_9)
FN:165,(anonymous_10)
FN:198,(anonymous_11)
FNF:12
FNH:0
FNDA:0,(anonymous_0)
FNDA:0,(anonymous_1)
FNDA:0,(anonymous_2)
FNDA:0,(anonymous_3)
FNDA:0,(anonymous_4)
FNDA:0,(anonymous_5)
FNDA:0,(anonymous_6)
FNDA:0,(anonymous_7)
FNDA:0,(anonymous_8)
FNDA:0,(anonymous_9)
FNDA:0,(anonymous_10)
FNDA:0,(anonymous_11)
DA:33,0
DA:34,0
DA:35,0
DA:43,0
DA:47,0
DA:48,0
DA:53,0
DA:58,0
DA:59,0
DA:60,0
DA:61,0
DA:64,0
DA:65,0
DA:70,0
DA:71,0
DA:73,0
DA:74,0
DA:75,0
DA:77,0
DA:84,0
DA:86,0
DA:88,0
DA:96,0
DA:100,0
DA:102,0
DA:104,0
DA:114,0
DA:117,0
DA:118,0
DA:119,0
DA:124,0
DA:125,0
DA:126,0
DA:128,0
DA:130,0
DA:135,0
DA:136,0
DA:147,0
DA:166,0
DA:167,0
DA:169,0
DA:174,0
DA:209,0
DA:211,0
DA:213,0
DA:214,0
DA:217,0
DA:218,0
DA:221,0
DA:222,0
DA:223,0
DA:225,0
DA:231,0
LF:53
LH:0
BRDA:47,0,0,0
BRDA:47,0,1,0
BRDA:73,1,0,0
BRDA:73,1,1,0
BRDA:73,2,0,0
BRDA:73,2,1,0
BRDA:86,3,0,0
BRDA:86,3,1,0
BRDA:102,4,0,0
BRDA:102,4,1,0
BRDA:102,5,0,0
BRDA:102,5,1,0
BRDA:118,6,0,0
BRDA:118,6,1,0
BRDA:131,7,0,0
BRDA:131,7,1,0
BRDA:132,8,0,0
BRDA:132,8,1,0
BRDA:135,9,0,0
BRDA:135,9,1,0
BRDA:170,10,0,0
BRDA:170,10,1,0
BRDA:171,11,0,0
BRDA:171,11,1,0
BRDA:192,12,0,0
BRDA:192,12,1,0
BRDA:204,13,0,0
BRDA:205,14,0,0
BRDA:213,15,0,0
BRDA:213,15,1,0
BRDA:217,16,0,0
BRDA:217,16,1,0
BRDA:226,17,0,0
BRDA:226,17,1,0
BRDA:227,18,0,0
BRDA:227,18,1,0
BRDA:243,19,0,0
BRDA:243,19,1,0
BRF:38
BRH:0
end_of_record
TN:
SF:src/components/ui.components/Input.component.tsx
FN:40,(anonymous_0)
FN:49,(anonymous_1)
FN:55,(anonymous_2)
FN:67,(anonymous_3)
FN:82,(anonymous_4)
FN:86,(anonymous_5)
FN:93,(anonymous_6)
FN:101,(anonymous_7)
FN:107,(anonymous_8)
FN:113,(anonymous_9)
FN:136,(anonymous_10)
FN:142,(anonymous_11)
FN:148,(anonymous_12)
FNF:13
FNH:0
FNDA:0,(anonymous_0)
FNDA:0,(anonymous_1)
FNDA:0,(anonymous_2)
FNDA:0,(anonymous_3)
FNDA:0,(anonymous_4)
FNDA:0,(anonymous_5)
FNDA:0,(anonymous_6)
FNDA:0,(anonymous_7)
FNDA:0,(anonymous_8)
FNDA:0,(anonymous_9)
FNDA:0,(anonymous_10)
FNDA:0,(anonymous_11)
FNDA:0,(anonymous_12)
DA:41,0
DA:42,0
DA:43,0
DA:50,0
DA:51,0
DA:56,0
DA:58,0
DA:64,0
DA:68,0
DA:69,0
DA:71,0
DA:72,0
DA:75,0
DA:76,0
DA:79,0
DA:83,0
DA:86,0
DA:87,0
DA:88,0
DA:89,0
DA:93,0
DA:94,0
DA:95,0
DA:96,0
DA:97,0
DA:101,0
DA:102,0
DA:103,0
DA:107,0
DA:108,0
DA:109,0
DA:114,0
DA:115,0
DA:117,0
DA:118,0
DA:121,0
DA:122,0
DA:125,0
DA:126,0
DA:129,0
DA:130,0
DA:133,0
DA:137,0
DA:138,0
DA:143,0
DA:144,0
DA:168,0
DA:170,0
DA:172,0
DA:173,0
DA:174,0
DA:175,0
DA:177,0
DA:179,0
DA:180,0
DA:182,0
LF:56
LH:0
BRDA:50,0,0,0
BRDA:50,0,1,0
BRDA:50,1,0,0
BRDA:50,1,1,0
BRDA:56,2,0,0
BRDA:68,3,0,0
BRDA:71,4,0,0
BRDA:71,4,1,0
BRDA:71,5,0,0
BRDA:71,5,1,0
BRDA:71,5,2,0
BRDA:75,6,0,0
BRDA:75,6,1,0
BRDA:83,7,0,0
BRDA:83,7,1,0
BRDA:88,8,0,0
BRDA:88,8,1,0
BRDA:96,9,0,0
BRDA:96,9,1,0
BRDA:102,10,0,0
BRDA:102,10,1,0
BRDA:108,11,0,0
BRDA:108,11,1,0
BRDA:117,12,0,0
BRDA:117,12,1,0
BRDA:117,13,0,0
BRDA:117,13,1,0
BRDA:121,14,0,0
BRDA:121,14,1,0
BRDA:121,15,0,0
BRDA:121,15,1,0
BRDA:125,16,0,0
BRDA:125,16,1,0
BRDA:125,17,0,0
BRDA:125,17,1,0
BRDA:129,18,0,0
BRDA:129,18,1,0
BRDA:129,19,0,0
BRDA:129,19,1,0
BRDA:137,20,0,0
BRDA:137,20,1,0
BRDA:143,21,0,0
BRDA:143,21,1,0
BRDA:150,22,0,0
BRDA:154,23,0,0
BRDA:155,24,0,0
BRDA:156,25,0,0
BRDA:166,26,0,0
BRDA:179,27,0,0
BRDA:179,27,1,0
BRDA:180,28,0,0
BRDA:180,28,1,0
BRDA:184,29,0,0
BRDA:184,29,1,0
BRDA:188,30,0,0
BRDA:188,30,1,0
BRDA:192,31,0,0
BRDA:192,31,1,0
BRDA:218,32,0,0
BRDA:218,32,1,0
BRDA:220,33,0,0
BRDA:220,33,1,0
BRDA:222,34,0,0
BRDA:222,34,1,0
BRDA:228,35,0,0
BRDA:228,35,1,0
BRDA:247,36,0,0
BRDA:247,36,1,0
BRDA:253,37,0,0
BRDA:253,37,1,0
BRDA:257,38,0,0
BRDA:257,38,1,0
BRF:72
BRH:0
end_of_record
TN:
SF:src/components/ui.components/Link.component.tsx
FN:26,(anonymous_0)
FN:33,(anonymous_1)
FN:47,(anonymous_2)
FN:61,(anonymous_3)
FN:74,(anonymous_4)
FN:82,(anonymous_5)
FN:98,(anonymous_6)
FN:125,(anonymous_7)
FN:138,(anonymous_8)
FN:145,(anonymous_9)
FN:152,(anonymous_10)
FNF:11
FNH:0
FNDA:0,(anonymous_0)
FNDA:0,(anonymous_1)
FNDA:0,(anonymous_2)
FNDA:0,(anonymous_3)
FNDA:0,(anonymous_4)
FNDA:0,(anonymous_5)
FNDA:0,(anonymous_6)
FNDA:0,(anonymous_7)
FNDA:0,(anonymous_8)
FNDA:0,(anonymous_9)
FNDA:0,(anonymous_10)
DA:27,0
DA:28,0
DA:34,0
DA:36,0
DA:44,0
DA:48,0
DA:50,0
DA:58,0
DA:62,0
DA:63,0
DA:65,0
DA:71,0
DA:75,0
DA:77,0
DA:79,0
DA:83,0
DA:85,0
DA:86,0
DA:92,0
DA:99,0
DA:101,0
DA:103,0
DA:125,0
DA:126,0
DA:128,0
DA:129,0
DA:130,0
DA:133,0
DA:134,0
DA:138,0
DA:139,0
DA:140,0
DA:141,0
DA:145,0
DA:146,0
DA:147,0
DA:148,0
DA:160,0
DA:162,0
DA:163,0
DA:164,0
DA:165,0
DA:166,0
DA:168,0
DA:169,0
DA:171,0
LF:46
LH:0
BRDA:34,0,0,0
BRDA:48,1,0,0
BRDA:62,2,0,0
BRDA:67,3,0,0
BRDA:67,3,1,0
BRDA:77,4,0,0
BRDA:77,4,1,0
BRDA:85,5,0,0
BRDA:85,5,1,0
BRDA:85,6,0,0
BRDA:85,6,1,0
BRDA:87,7,0,0
BRDA:87,7,1,0
BRDA:88,8,0,0
BRDA:88,8,1,0
BRDA:101,9,0,0
BRDA:101,9,1,0
BRDA:101,10,0,0
BRDA:101,10,1,0
BRDA:128,11,0,0
BRDA:128,11,1,0
BRDA:133,12,0,0
BRDA:133,12,1,0
BRDA:140,13,0,0
BRDA:140,13,1,0
BRDA:147,14,0,0
BRDA:147,14,1,0
BRDA:157,15,0,0
BRDA:173,16,0,0
BRDA:173,16,1,0
BRF:30
BRH:0
end_of_record
TN:
SF:src/components/ui.components/List.component.tsx
FN:17,(anonymous_0)
FN:40,(anonymous_1)
FN:57,(anonymous_2)
FN:71,(anonymous_3)
FN:87,(anonymous_4)
FN:93,(anonymous_5)
FNF:6
FNH:0
FNDA:0,(anonymous_0)
FNDA:0,(anonymous_1)
FNDA:0,(anonymous_2)
FNDA:0,(anonymous_3)
FNDA:0,(anonymous_4)
FNDA:0,(anonymous_5)
DA:18,0
DA:20,0
DA:21,0
DA:24,0
DA:37,0
DA:41,0
DA:43,0
DA:45,0
DA:54,0
DA:58,0
DA:60,0
DA:68,0
DA:72,0
DA:74,0
DA:84,0
DA:87,0
DA:88,0
DA:89,0
DA:101,0
DA:103,0
DA:104,0
DA:105,0
DA:106,0
DA:108,0
DA:109,0
DA:111,0
LF:26
LH:0
BRDA:18,0,0,0
BRDA:18,1,0,0
BRDA:20,2,0,0
BRDA:20,2,1,0
BRDA:21,3,0,0
BRDA:21,3,1,0
BRDA:37,4,0,0
BRDA:37,4,1,0
BRDA:41,5,0,0
BRDA:43,6,0,0
BRDA:43,6,1,0
BRDA:58,7,0,0
BRDA:72,8,0,0
BRDA:88,9,0,0
BRDA:88,9,1,0
BRDA:96,10,0,0
BRDA:97,11,0,0
BRDA:116,12,0,0
BRDA:116,12,1,0
BRF:19
BRH:0
end_of_record
TN:
SF:src/components/ui.components/ListItem.component.tsx
FN:24,(anonymous_0)
FN:31,(anonymous_1)
FN:53,(anonymous_2)
FN:71,(anonymous_3)
FN:85,(anonymous_4)
FN:93,(anonymous_5)
FN:103,(anonymous_6)
FN:115,(anonymous_7)
FN:123,(anonymous_8)
FNF:9
FNH:0
FNDA:0,(anonymous_0)
FNDA:0,(anonymous_1)
FNDA:0,(anonymous_2)
FNDA:0,(anonymous_3)
FNDA:0,(anonymous_4)
FNDA:0,(anonymous_5)
FNDA:0,(anonymous_6)
FNDA:0,(anonymous_7)
FNDA:0,(anonymous_8)
DA:25,0
DA:26,0
DA:32,0
DA:33,0
DA:35,0
DA:36,0
DA:39,0
DA:40,0
DA:43,0
DA:50,0
DA:54,0
DA:56,0
DA:58,0
DA:68,0
DA:72,0
DA:74,0
DA:82,0
DA:86,0
DA:88,0
DA:90,0
DA:93,0
DA:94,0
DA:96,0
DA:98,0
DA:99,0
DA:103,0
DA:104,0
DA:106,0
DA:107,0
DA:110,0
DA:111,0
DA:115,0
DA:116,0
DA:118,0
DA:119,0
DA:134,0
DA:136,0
DA:137,0
DA:138,0
DA:139,0
DA:141,0
DA:143,0
DA:145,0
LF:43
LH:0
BRDA:32,0,0,0
BRDA:35,1,0,0
BRDA:35,1,1,0
BRDA:39,2,0,0
BRDA:39,2,1,0
BRDA:45,3,0,0
BRDA:45,3,1,0
BRDA:54,4,0,0
BRDA:56,5,0,0
BRDA:56,5,1,0
BRDA:72,6,0,0
BRDA:88,7,0,0
BRDA:88,7,1,0
BRDA:88,8,0,0
BRDA:88,8,1,0
BRDA:96,9,0,0
BRDA:96,9,1,0
BRDA:98,10,0,0
BRDA:98,10,1,0
BRDA:106,11,0,0
BRDA:106,11,1,0
BRDA:110,12,0,0
BRDA:110,12,1,0
BRDA:118,13,0,0
BRDA:118,13,1,0
BRDA:130,14,0,0
BRDA:143,15,0,0
BRDA:143,15,1,0
BRDA:153,16,0,0
BRDA:153,16,1,0
BRDA:154,17,0,0
BRDA:154,17,1,0
BRDA:155,18,0,0
BRDA:155,18,1,0
BRDA:156,19,0,0
BRDA:156,19,1,0
BRDA:157,20,0,0
BRDA:157,20,1,0
BRDA:157,21,0,0
BRDA:157,21,1,0
BRF:40
BRH:0
end_of_record
TN:
SF:src/components/ui.components/Modal.component.tsx
FN:23,(anonymous_0)
FN:30,(anonymous_1)
FN:38,(anonymous_2)
FN:50,(anonymous_3)
FN:55,(anonymous_4)
FN:61,(anonymous_5)
FN:67,(anonymous_6)
FN:81,(anonymous_7)
FNF:8
FNH:8
FNDA:11,(anonymous_0)
FNDA:11,(anonymous_1)
FNDA:11,(anonymous_2)
FNDA:11,(anonymous_3)
FNDA:1,(anonymous_4)
FNDA:3,(anonymous_5)
FNDA:21,(anonymous_6)
FNDA:22,(anonymous_7)
DA:21,11
DA:24,11
DA:25,11
DA:31,11
DA:32,11
DA:33,10
DA:34,10
DA:39,11
DA:40,0
DA:41,0
DA:42,0
DA:44,0
DA:45,0
DA:51,11
DA:52,11
DA:55,11
DA:56,1
DA:57,1
DA:61,11
DA:62,3
DA:63,1
DA:68,21
DA:70,21
DA:78,21
DA:89,22
DA:91,22
DA:93,22
DA:95,21
DA:97,21
LF:29
LH:24
BRDA:32,0,0,10
BRDA:32,0,1,1
BRDA:39,1,0,0
BRDA:39,1,1,11
BRDA:40,2,0,0
BRDA:40,2,1,0
BRDA:56,3,0,1
BRDA:56,3,1,0
BRDA:56,4,0,1
BRDA:56,4,1,1
BRDA:62,5,0,1
BRDA:62,5,1,2
BRDA:68,6,0,18
BRDA:85,7,0,20
BRDA:86,8,0,20
BRDA:93,9,0,1
BRDA:93,9,1,21
BRDA:110,10,0,21
BRDA:110,10,1,19
BRDA:123,11,0,21
BRDA:123,11,1,4
BRF:21
BRH:17
end_of_record
TN:
SF:src/components/ui.components/Stack.component.tsx
FN:19,(anonymous_0)
FN:30,(anonymous_1)
FN:47,(anonymous_2)
FN:64,(anonymous_3)
FN:81,(anonymous_4)
FN:87,(anonymous_5)
FN:97,(anonymous_6)
FN:113,(anonymous_7)
FN:119,(anonymous_8)
FNF:9
FNH:0
FNDA:0,(anonymous_0)
FNDA:0,(anonymous_1)
FNDA:0,(anonymous_2)
FNDA:0,(anonymous_3)
FNDA:0,(anonymous_4)
FNDA:0,(anonymous_5)
FNDA:0,(anonymous_6)
FNDA:0,(anonymous_7)
FNDA:0,(anonymous_8)
DA:20,0
DA:22,0
DA:27,0
DA:31,0
DA:33,0
DA:35,0
DA:44,0
DA:48,0
DA:50,0
DA:54,0
DA:61,0
DA:65,0
DA:67,0
DA:69,0
DA:78,0
DA:82,0
DA:84,0
DA:88,0
DA:90,0
DA:91,0
DA:94,0
DA:95,0
DA:97,0
DA:98,0
DA:101,0
DA:102,0
DA:110,0
DA:113,0
DA:114,0
DA:115,0
DA:126,0
DA:128,0
DA:129,0
DA:130,0
DA:131,0
DA:132,0
DA:133,0
DA:135,0
DA:137,0
LF:39
LH:0
BRDA:20,0,0,0
BRDA:31,1,0,0
BRDA:31,2,0,0
BRDA:33,3,0,0
BRDA:33,3,1,0
BRDA:36,4,0,0
BRDA:36,4,1,0
BRDA:37,5,0,0
BRDA:37,5,1,0
BRDA:38,6,0,0
BRDA:38,6,1,0
BRDA:39,7,0,0
BRDA:39,7,1,0
BRDA:40,8,0,0
BRDA:40,8,1,0
BRDA:41,9,0,0
BRDA:41,9,1,0
BRDA:48,10,0,0
BRDA:50,11,0,0
BRDA:50,11,1,0
BRDA:67,12,0,0
BRDA:67,12,1,0
BRDA:84,13,0,0
BRDA:84,13,1,0
BRDA:90,14,0,0
BRDA:90,14,1,0
BRDA:101,15,0,0
BRDA:101,15,1,0
BRDA:114,16,0,0
BRDA:114,16,1,0
BRDA:121,17,0,0
BRDA:122,18,0,0
BRDA:142,19,0,0
BRDA:142,19,1,0
BRF:34
BRH:0
end_of_record
TN:
SF:src/components/ui.components/Table.component.tsx
FN:16,(anonymous_0)
FN:29,(anonymous_1)
FN:41,(anonymous_2)
FN:45,(anonymous_3)
FN:88,(anonymous_4)
FNF:5
FNH:0
FNDA:0,(anonymous_0)
FNDA:0,(anonymous_1)
FNDA:0,(anonymous_2)
FNDA:0,(anonymous_3)
FNDA:0,(anonymous_4)
DA:17,0
DA:19,0
DA:26,0
DA:30,0
DA:32,0
DA:38,0
DA:42,0
DA:54,0
DA:56,0
DA:57,0
DA:58,0
DA:60,0
DA:63,0
DA:64,0
DA:69,0
DA:89,0
DA:91,0
DA:92,0
DA:99,0
LF:19
LH:0
BRDA:17,0,0,0
BRDA:30,1,0,0
BRDA:42,2,0,0
BRDA:42,2,1,0
BRDA:51,3,0,0
BRDA:64,4,0,0
BRDA:64,4,1,0
BRDA:78,5,0,0
BRDA:78,5,1,0
BRDA:91,6,0,0
BRDA:91,6,1,0
BRF:11
BRH:0
end_of_record
TN:
SF:src/components/ui.components/TableBody.component.tsx
FN:12,(anonymous_0)
FN:21,(anonymous_1)
FNF:2
FNH:0
FNDA:0,(anonymous_0)
FNDA:0,(anonymous_1)
DA:13,0
DA:15,0
DA:18,0
DA:28,0
DA:30,0
DA:31,0
DA:33,0
LF:7
LH:0
BRDA:15,0,0,0
BRDA:15,0,1,0
BRDA:25,1,0,0
BRF:3
BRH:0
end_of_record
TN:
SF:src/components/ui.components/TableCell.component.tsx
FN:28,(anonymous_0)
FN:35,(anonymous_1)
FN:49,(anonymous_2)
FN:63,(anonymous_3)
FN:76,(anonymous_4)
FN:84,(anonymous_5)
FN:101,(anonymous_6)
FN:138,(anonymous_7)
FN:144,(anonymous_8)
FN:148,(anonymous_9)
FN:152,(anonymous_10)
FNF:11
FNH:0
FNDA:0,(anonymous_0)
FNDA:0,(anonymous_1)
FNDA:0,(anonymous_2)
FNDA:0,(anonymous_3)
FNDA:0,(anonymous_4)
FNDA:0,(anonymous_5)
FNDA:0,(anonymous_6)
FNDA:0,(anonymous_7)
FNDA:0,(anonymous_8)
FNDA:0,(anonymous_9)
FNDA:0,(anonymous_10)
DA:29,0
DA:30,0
DA:36,0
DA:38,0
DA:40,0
DA:46,0
DA:50,0
DA:52,0
DA:54,0
DA:60,0
DA:64,0
DA:66,0
DA:73,0
DA:77,0
DA:79,0
DA:81,0
DA:85,0
DA:86,0
DA:88,0
DA:89,0
DA:91,0
DA:92,0
DA:94,0
DA:95,0
DA:98,0
DA:102,0
DA:104,0
DA:106,0
DA:138,0
DA:139,0
DA:140,0
DA:144,0
DA:145,0
DA:148,0
DA:149,0
DA:165,0
DA:167,0
DA:168,0
DA:169,0
DA:170,0
DA:171,0
DA:173,0
DA:174,0
DA:176,0
DA:187,0
DA:188,0
DA:191,0
DA:192,0
DA:195,0
DA:196,0
DA:199,0
LF:51
LH:0
BRDA:38,0,0,0
BRDA:38,0,1,0
BRDA:52,1,0,0
BRDA:52,1,1,0
BRDA:64,2,0,0
BRDA:79,3,0,0
BRDA:79,3,1,0
BRDA:79,4,0,0
BRDA:79,4,1,0
BRDA:88,5,0,0
BRDA:88,5,1,0
BRDA:89,6,0,0
BRDA:89,6,1,0
BRDA:91,7,0,0
BRDA:91,7,1,0
BRDA:92,8,0,0
BRDA:92,8,1,0
BRDA:94,9,0,0
BRDA:94,9,1,0
BRDA:95,10,0,0
BRDA:95,10,1,0
BRDA:104,11,0,0
BRDA:104,11,1,0
BRDA:104,12,0,0
BRDA:104,12,1,0
BRDA:110,13,0,0
BRDA:110,13,1,0
BRDA:123,14,0,0
BRDA:123,14,1,0
BRDA:139,15,0,0
BRDA:139,15,1,0
BRDA:155,16,0,0
BRDA:161,17,0,0
BRDA:181,18,0,0
BRDA:181,18,1,0
BRDA:182,19,0,0
BRDA:182,19,1,0
BRDA:183,20,0,0
BRDA:183,20,1,0
BRDA:187,21,0,0
BRDA:187,21,1,0
BRDA:191,22,0,0
BRDA:191,22,1,0
BRDA:195,23,0,0
BRDA:195,23,1,0
BRDA:203,24,0,0
BRDA:203,24,1,0
BRDA:203,25,0,0
BRDA:203,25,1,0
BRDA:204,26,0,0
BRDA:204,26,1,0
BRF:51
BRH:0
end_of_record
TN:
SF:src/components/ui.components/TableFooter.component.tsx
FN:13,(anonymous_0)
FN:25,(anonymous_1)
FN:33,(anonymous_2)
FNF:3
FNH:0
FNDA:0,(anonymous_0)
FNDA:0,(anonymous_1)
FNDA:0,(anonymous_2)
DA:14,0
DA:16,0
DA:22,0
DA:26,0
DA:28,0
DA:30,0
DA:39,0
DA:41,0
DA:42,0
DA:44,0
DA:46,0
LF:11
LH:0
BRDA:14,0,0,0
BRDA:28,1,0,0
BRDA:28,1,1,0
BRDA:36,2,0,0
BRF:4
BRH:0
end_of_record
TN:
SF:src/components/ui.components/TableHeader.component.tsx
FN:13,(anonymous_0)
FN:25,(anonymous_1)
FN:33,(anonymous_2)
FNF:3
FNH:0
FNDA:0,(anonymous_0)
FNDA:0,(anonymous_1)
FNDA:0,(anonymous_2)
DA:14,0
DA:16,0
DA:22,0
DA:26,0
DA:28,0
DA:30,0
DA:39,0
DA:41,0
DA:42,0
DA:44,0
DA:46,0
LF:11
LH:0
BRDA:14,0,0,0
BRDA:28,1,0,0
BRDA:28,1,1,0
BRDA:36,2,0,0
BRF:4
BRH:0
end_of_record
TN:
SF:src/components/ui.components/TableRow.component.tsx
FN:22,(anonymous_0)
FN:29,(anonymous_1)
FN:47,(anonymous_2)
FN:62,(anonymous_3)
FN:70,(anonymous_4)
FN:76,(anonymous_5)
FN:83,(anonymous_6)
FN:90,(anonymous_7)
FNF:8
FNH:8
FNDA:24,(anonymous_0)
FNDA:31,(anonymous_1)
FNDA:31,(anonymous_2)
FNDA:31,(anonymous_3)
FNDA:4,(anonymous_4)
FNDA:4,(anonymous_5)
FNDA:3,(anonymous_6)
FNDA:31,(anonymous_7)
DA:23,24
DA:24,24
DA:30,31
DA:32,31
DA:33,5
DA:36,26
DA:44,26
DA:48,31
DA:49,31
DA:51,31
DA:53,17
DA:55,17
DA:56,4
DA:59,13
DA:63,31
DA:65,31
DA:67,7
DA:70,24
DA:71,4
DA:72,4
DA:76,24
DA:77,4
DA:78,4
DA:79,2
DA:83,24
DA:84,3
DA:85,3
DA:86,2
DA:100,31
DA:102,31
DA:103,31
DA:104,31
DA:106,31
DA:108,31
LF:34
LH:34
BRDA:30,0,0,22
BRDA:32,1,0,5
BRDA:32,1,1,26
BRDA:51,2,0,14
BRDA:51,2,1,17
BRDA:51,3,0,31
BRDA:51,3,1,18
BRDA:55,4,0,4
BRDA:55,4,1,13
BRDA:55,5,0,17
BRDA:55,5,1,4
BRDA:55,5,2,0
BRDA:65,6,0,24
BRDA:65,6,1,7
BRDA:71,7,0,4
BRDA:71,7,1,0
BRDA:78,8,0,2
BRDA:78,8,1,2
BRDA:85,9,0,2
BRDA:85,9,1,1
BRDA:96,10,0,26
BRDA:115,11,0,6
BRDA:115,11,1,25
BRDA:116,12,0,17
BRDA:116,12,1,14
BRDA:116,13,0,31
BRDA:116,13,1,18
BRDA:117,14,0,17
BRDA:117,14,1,14
BRDA:117,15,0,31
BRDA:117,15,1,18
BRDA:118,16,0,7
BRDA:118,16,1,24
BRDA:119,17,0,7
BRDA:119,17,1,24
BRF:35
BRH:33
end_of_record
TN:
SF:src/components/ui.components/Text.component.tsx
FN:22,(anonymous_0)
FN:41,(anonymous_1)
FN:58,(anonymous_2)
FN:76,(anonymous_3)
FN:91,(anonymous_4)
FN:106,(anonymous_5)
FN:117,(anonymous_6)
FN:123,(anonymous_7)
FNF:8
FNH:0
FNDA:0,(anonymous_0)
FNDA:0,(anonymous_1)
FNDA:0,(anonymous_2)
FNDA:0,(anonymous_3)
FNDA:0,(anonymous_4)
FNDA:0,(anonymous_5)
FNDA:0,(anonymous_6)
FNDA:0,(anonymous_7)
DA:23,0
DA:25,0
DA:38,0
DA:42,0
DA:44,0
DA:55,0
DA:59,0
DA:61,0
DA:73,0
DA:77,0
DA:79,0
DA:81,0
DA:88,0
DA:92,0
DA:94,0
DA:96,0
DA:103,0
DA:107,0
DA:108,0
DA:110,0
DA:111,0
DA:112,0
DA:114,0
DA:117,0
DA:118,0
DA:119,0
DA:132,0
DA:134,0
DA:135,0
DA:136,0
DA:137,0
DA:138,0
DA:139,0
DA:141,0
DA:143,0
DA:151,0
DA:152,0
DA:159,0
LF:38
LH:0
BRDA:23,0,0,0
BRDA:42,1,0,0
BRDA:59,2,0,0
BRDA:79,3,0,0
BRDA:79,3,1,0
BRDA:94,4,0,0
BRDA:94,4,1,0
BRDA:110,5,0,0
BRDA:110,5,1,0
BRDA:111,6,0,0
BRDA:111,6,1,0
BRDA:112,7,0,0
BRDA:112,7,1,0
BRDA:118,8,0,0
BRDA:118,8,1,0
BRDA:126,9,0,0
BRDA:127,10,0,0
BRDA:147,11,0,0
BRDA:147,11,1,0
BRDA:151,12,0,0
BRDA:151,12,1,0
BRF:21
BRH:0
end_of_record
TN:
SF:src/components/ui.components/index.ts
FNF:0
FNH:0
LF:0
LH:0
BRF:0
BRH:0
end_of_record
TN:
SF:src/constants/Routes.constant.ts
FNF:0
FNH:0
LF:0
LH:0
BRF:0
BRH:0
end_of_record
TN:
SF:src/contexts/LanguageContext.context.tsx
FN:13,(anonymous_0)
FN:16,(anonymous_1)
FN:24,(anonymous_2)
FN:36,(anonymous_3)
FNF:4
FNH:0
FNDA:0,(anonymous_0)
FNDA:0,(anonymous_1)
FNDA:0,(anonymous_2)
FNDA:0,(anonymous_3)
DA:11,0
DA:13,0
DA:14,0
DA:16,0
DA:17,0
DA:21,0
DA:24,0
DA:29,0
DA:36,0
DA:37,0
DA:38,0
DA:39,0
DA:41,0
LF:13
LH:0
BRDA:38,0,0,0
BRDA:38,0,1,0
BRF:2
BRH:0
end_of_record
TN:
SF:src/i18n/TranslationUtils.utils.ts
FN:5,(anonymous_0)
FN:10,(anonymous_1)
FN:27,(anonymous_2)
FN:28,(anonymous_3)
FN:36,(anonymous_4)
FN:42,(anonymous_5)
FN:48,(anonymous_6)
FN:53,(anonymous_7)
FN:58,(anonymous_8)
FNF:9
FNH:2
FNDA:0,(anonymous_0)
FNDA:22,(anonymous_1)
FNDA:0,(anonymous_2)
FNDA:0,(anonymous_3)
FNDA:0,(anonymous_4)
FNDA:22,(anonymous_5)
FNDA:0,(anonymous_6)
FNDA:0,(anonymous_7)
FNDA:0,(anonymous_8)
DA:5,3
DA:6,0
DA:10,3
DA:11,22
DA:13,22
DA:19,0
DA:21,22
DA:22,22
DA:27,3
DA:28,0
DA:30,0
DA:31,0
DA:36,3
DA:37,0
DA:38,0
DA:42,3
DA:43,22
DA:44,22
DA:48,3
DA:49,0
DA:53,3
DA:54,0
DA:58,3
DA:60,0
DA:61,0
LF:25
LH:14
BRDA:19,0,0,0
BRDA:19,0,1,0
BRDA:44,1,0,0
BRDA:44,1,1,22
BRDA:44,2,0,22
BRDA:44,2,1,22
BRF:6
BRH:3
end_of_record
TN:
SF:src/i18n/i18n.config.ts
FNF:0
FNH:0
DA:6,0
LF:1
LH:0
BRF:0
BRH:0
end_of_record
TN:
SF:src/layouts/MainLayout.layout.tsx
FN:7,(anonymous_0)
FNF:1
FNH:0
FNDA:0,(anonymous_0)
DA:7,0
DA:8,0
LF:2
LH:0
BRF:0
BRH:0
end_of_record
TN:
SF:src/pages/About.page.tsx
FN:5,(anonymous_0)
FNF:1
FNH:0
FNDA:0,(anonymous_0)
DA:5,0
DA:6,0
DA:8,0
LF:3
LH:0
BRF:0
BRH:0
end_of_record
TN:
SF:src/pages/ComponentTestPage.page.tsx
FN:40,(anonymous_0)
FN:54,(anonymous_1)
FN:58,(anonymous_2)
FN:63,(anonymous_3)
FN:67,(anonymous_4)
FN:71,(anonymous_5)
FN:75,(anonymous_6)
FN:96,(anonymous_7)
FN:138,(anonymous_8)
FN:159,(anonymous_9)
FN:193,(anonymous_10)
FN:231,(anonymous_11)
FN:257,(anonymous_12)
FN:265,(anonymous_13)
FN:273,(anonymous_14)
FN:284,(anonymous_15)
FN:301,(anonymous_16)
FN:325,(anonymous_17)
FN:363,(anonymous_18)
FN:401,(anonymous_19)
FNF:20
FNH:0
FNDA:0,(anonymous_0)
FNDA:0,(anonymous_1)
FNDA:0,(anonymous_2)
FNDA:0,(anonymous_3)
FNDA:0,(anonymous_4)
FNDA:0,(anonymous_5)
FNDA:0,(anonymous_6)
FNDA:0,(anonymous_7)
FNDA:0,(anonymous_8)
FNDA:0,(anonymous_9)
FNDA:0,(anonymous_10)
FNDA:0,(anonymous_11)
FNDA:0,(anonymous_12)
FNDA:0,(anonymous_13)
FNDA:0,(anonymous_14)
FNDA:0,(anonymous_15)
FNDA:0,(anonymous_16)
FNDA:0,(anonymous_17)
FNDA:0,(anonymous_18)
FNDA:0,(anonymous_19)
DA:41,0
DA:42,0
DA:54,0
DA:55,0
DA:58,0
DA:59,0
DA:60,0
DA:63,0
DA:64,0
DA:67,0
DA:68,0
DA:71,0
DA:72,0
DA:76,0
DA:97,0
DA:139,0
DA:160,0
DA:194,0
DA:232,0
DA:257,0
DA:265,0
DA:273,0
DA:285,0
DA:302,0
DA:326,0
DA:364,0
DA:402,0
LF:27
LH:0
BRDA:311,0,0,0
BRDA:311,0,1,0
BRF:2
BRH:0
end_of_record
TN:
SF:src/pages/Home.page.tsx
FN:4,(anonymous_0)
FNF:1
FNH:0
FNDA:0,(anonymous_0)
DA:4,0
DA:5,0
DA:7,0
LF:3
LH:0
BRF:0
BRH:0
end_of_record
TN:
SF:src/pages/NotFound.page.tsx
FN:6,(anonymous_0)
FNF:1
FNH:0
FNDA:0,(anonymous_0)
DA:6,0
DA:7,0
DA:9,0
LF:3
LH:0
BRDA:13,0,0,0
BRDA:13,0,1,0
BRDA:21,1,0,0
BRDA:21,1,1,0
BRF:4
BRH:0
end_of_record
TN:
SF:src/routes/AppRoutes.route.tsx
FN:10,(anonymous_0)
FN:11,(anonymous_1)
FN:12,(anonymous_2)
FN:14,(anonymous_3)
FNF:4
FNH:0
FNDA:0,(anonymous_0)
FNDA:0,(anonymous_1)
FNDA:0,(anonymous_2)
FNDA:0,(anonymous_3)
DA:10,0
DA:11,0
DA:12,0
DA:14,0
DA:15,0
LF:5
LH:0
BRF:0
BRH:0
end_of_record
TN:
SF:src/routes/RouteConfig.route.ts
FNF:0
FNH:0
DA:10,0
LF:1
LH:0
BRF:0
BRH:0
end_of_record
TN:
SF:src/utils/LazyLoad.util.tsx
FN:7,(anonymous_0)
FN:13,(anonymous_1)
FN:19,(anonymous_2)
FNF:3
FNH:0
FNDA:0,(anonymous_0)
FNDA:0,(anonymous_1)
FNDA:0,(anonymous_2)
DA:7,0
DA:8,0
DA:13,0
DA:17,0
DA:19,0
DA:20,0
LF:6
LH:0
BRDA:7,0,0,0
BRF:1
BRH:0
end_of_record
